2026-05-21 14:30:38.740: [INFO] VisibilityChanged: 0
2026-05-21 14:30:38.807: [INFO] RecordSyncInitDuration has_sync_been_enabled: 0 state: 0
2026-05-21 14:30:38.812: [INFO] RecordSyncInitDuration has_sync_been_enabled: 0 state: 0
2026-05-21 14:30:38.819: [INFO] RecordSyncInitDuration has_sync_been_enabled: 0 state: 0
2026-05-21 14:30:38.823: [INFO] RecordSyncInitDuration has_sync_been_enabled: 0 state: 0
2026-05-21 14:30:38.827: [INFO] RecordSyncInitDuration has_sync_been_enabled: 0 state: 0
2026-05-21 14:30:38.832: [INFO] RecordSyncInitDuration has_sync_been_enabled: 0 state: 0
2026-05-21 14:30:38.837: [INFO] RecordSyncInitDuration has_sync_been_enabled: 0 state: 0
2026-05-21 14:30:38.842: [INFO] RecordSyncInitDuration has_sync_been_enabled: 0 state: 0
2026-05-21 14:30:38.846: [INFO] RecordSyncInitDuration has_sync_been_enabled: 0 state: 0
2026-05-21 14:30:38.850: [INFO] RecordSyncInitDuration has_sync_been_enabled: 0 state: 0
2026-05-21 14:30:38.855: [INFO] RecordSyncInitDuration has_sync_been_enabled: 0 state: 0
2026-05-21 14:30:38.869: [INFO] RecordSyncInitDuration has_sync_been_enabled: 0 state: 0
2026-05-21 14:30:38.910: [INFO] BookmarkModelLoaded, ids_reassigned: 0
2026-05-21 14:30:38.910: [INFO] OnDoneLoading sync enabled: 0
2026-05-21 14:30:38.916: [INFO] RecordSyncInitDuration has_sync_been_enabled: 0 state: 0
2026-05-21 14:30:40.522: [INFO] RecordSyncInitDuration has_sync_been_enabled: 0 state: 0
2026-05-21 14:30:40.543: [INFO] RecordSyncInitDuration has_sync_been_enabled: 0 state: 3
2026-05-21 14:30:40.555: [INFO] Primary account changed.
2026-05-21 14:30:40.556: [INFO] OnPrimaryAccountChanged PrimaryAccountChangeEvent::Type::kSet
2026-05-21 14:30:40.597: [INFO] RecordSyncInitDuration has_sync_been_enabled: 0 state: 3
2026-05-21 14:30:40.652: [INFO] RecordSyncInitDuration has_sync_been_enabled: 0 state: 3
2026-05-21 14:30:45.485: [INFO] Sync initialization duration: 4535ms
2026-05-21 15:55:57.848: [INFO] VisibilityChanged: 0
2026-05-21 15:55:57.901: [INFO] BookmarkModelLoaded, ids_reassigned: 0
2026-05-21 15:55:57.901: [INFO] OnDoneLoading sync enabled: 0
2026-05-21 15:56:00.219: [INFO] Primary account changed.
2026-05-21 15:56:00.219: [INFO] OnPrimaryAccountChanged PrimaryAccountChangeEvent::Type::kSet
2026-05-21 15:56:04.532: [INFO] Sync initialization duration: 6626ms
2026-05-21 16:24:03.113: [INFO] VisibilityChanged: 0
2026-05-21 16:24:03.955: [INFO] BookmarkModelLoaded, ids_reassigned: 0
2026-05-21 16:24:03.955: [INFO] OnDoneLoading sync enabled: 1
2026-05-21 16:24:15.894: [INFO] Sync initialization duration: 3008ms
2026-05-21 16:48:25.037: [INFO] VisibilityChanged: 0
2026-05-21 16:48:25.131: [INFO] BookmarkModelLoaded, ids_reassigned: 0
2026-05-21 16:48:25.131: [INFO] OnDoneLoading sync enabled: 0
2026-05-21 16:48:27.044: [INFO] Primary account changed.
2026-05-21 16:48:27.044: [INFO] OnPrimaryAccountChanged PrimaryAccountChangeEvent::Type::kSet
2026-05-21 16:48:30.941: [INFO] Sync initialization duration: 5803ms
2026-05-21 17:00:51.356: [INFO] VisibilityChanged: 0
2026-05-21 17:00:51.429: [INFO] BookmarkModelLoaded, ids_reassigned: 0
2026-05-21 17:00:51.429: [INFO] OnDoneLoading sync enabled: 1
2026-05-21 17:01:03.428: [INFO] Sync initialization duration: 2099ms
2026-05-21 17:10:33.691: [INFO] VisibilityChanged: 0
2026-05-21 17:10:33.793: [INFO] BookmarkModelLoaded, ids_reassigned: 0
2026-05-21 17:10:33.793: [INFO] OnDoneLoading sync enabled: 0
2026-05-21 17:10:37.137: [INFO] Primary account changed.
2026-05-21 17:10:37.137: [INFO] OnPrimaryAccountChanged PrimaryAccountChangeEvent::Type::kSet
2026-05-21 17:10:41.507: [INFO] Sync initialization duration: 7709ms
2026-05-22 07:57:19.692: [INFO] VisibilityChanged: 0
2026-05-22 07:57:19.981: [INFO] BookmarkModelLoaded, ids_reassigned: 0
2026-05-22 07:57:19.981: [INFO] OnDoneLoading sync enabled: 1
2026-05-22 07:57:32.600: [INFO] Sync initialization duration: 3025ms
2026-05-22 08:09:20.031: [INFO] VisibilityChanged: 0
2026-05-22 08:09:20.146: [INFO] BookmarkModelLoaded, ids_reassigned: 0
2026-05-22 08:09:20.146: [INFO] OnDoneLoading sync enabled: 0
2026-05-22 08:09:22.958: [INFO] Primary account changed.
2026-05-22 08:09:22.958: [INFO] OnPrimaryAccountChanged PrimaryAccountChangeEvent::Type::kSet
2026-05-22 08:09:27.696: [INFO] Sync initialization duration: 7530ms
2026-05-22 08:13:44.026: [INFO] VisibilityChanged: 0
2026-05-22 08:13:44.134: [INFO] BookmarkModelLoaded, ids_reassigned: 0
2026-05-22 08:13:44.134: [INFO] OnDoneLoading sync enabled: 1
2026-05-22 08:13:55.575: [INFO] Sync initialization duration: 1546ms
2026-05-22 08:44:56.750: [INFO] VisibilityChanged: 0
2026-05-22 08:44:57.061: [INFO] BookmarkModelLoaded, ids_reassigned: 0
2026-05-22 08:44:57.061: [INFO] OnDoneLoading sync enabled: 0
2026-05-22 08:45:08.141: [INFO] Primary account changed.
2026-05-22 08:45:08.141: [INFO] OnPrimaryAccountChanged PrimaryAccountChangeEvent::Type::kSet
2026-05-22 08:45:16.752: [INFO] Sync initialization duration: 19665ms
2026-05-22 08:58:34.682: [INFO] VisibilityChanged: 0
2026-05-22 08:58:34.806: [INFO] BookmarkModelLoaded, ids_reassigned: 0
2026-05-22 08:58:34.806: [INFO] OnDoneLoading sync enabled: 1
2026-05-22 08:58:46.674: [INFO] Sync initialization duration: 2038ms
2026-05-22 09:08:44.808: [INFO] VisibilityChanged: 0
2026-05-22 09:08:44.891: [INFO] BookmarkModelLoaded, ids_reassigned: 0
2026-05-22 09:08:44.891: [INFO] OnDoneLoading sync enabled: 0
2026-05-22 09:08:57.446: [INFO] Primary account changed.
2026-05-22 09:08:57.446: [INFO] OnPrimaryAccountChanged PrimaryAccountChangeEvent::Type::kSet
2026-05-22 09:09:02.534: [INFO] Sync initialization duration: 17632ms
2026-05-22 09:23:37.923: [INFO] VisibilityChanged: 0
2026-05-22 09:23:38.001: [INFO] BookmarkModelLoaded, ids_reassigned: 0
2026-05-22 09:23:38.001: [INFO] OnDoneLoading sync enabled: 1
2026-05-22 09:23:48.829: [INFO] Sync initialization duration: 953ms
