{"logTime": "0522/075822", "correlationVector":"sKpliBCidEMRzal9XiuX4w.1","action":"SyncServerConnectionManagerRequest", "result":"SYNC_SERVER_OK", "context":{"environment":"Prod_southindia_prod-s01-004-apac-southindia", "migrationStage":"NotStarted", "server":"akswtt104000031"}}
{"logTime": "0522/075822", "correlationVector":"sKpliBCidEMRzal9XiuX4w.2","action":"Commit Response", "result":"Success", "context":Result: Success. cV=sKpliBCidEMRzal9XiuX4w.0;server=akswtt104000031;cloudType=Consumer;environment=Prod_southindia_prod-s01-004-apac-southindia;migrationStage=NotStarted}
{"logTime": "0522/075824", "correlationVector":"D0k4IV4y/+aW+ZNsynvnAF","action":"Commit Request", "result":"", "context":Item count: 2
Contributing types: Preferences, Sessions}
{"logTime": "0522/075825", "correlationVector":"D0k4IV4y/+aW+ZNsynvnAF.1","action":"SyncServerConnectionManagerRequest", "result":"SYNC_SERVER_OK", "context":{"environment":"Prod_southindia_prod-s01-004-apac-southindia", "migrationStage":"NotStarted", "server":"akswtt104000001"}}
{"logTime": "0522/075825", "correlationVector":"D0k4IV4y/+aW+ZNsynvnAF.3","action":"Commit.Preferences", "result":"Success", "context":{"id":"9fd33c12-34ee-4595-8dc4-abf8debb3c26", "isDeleted":"true", "size":"0", "version":"1779436701460"}}
{"logTime": "0522/075825", "correlationVector":"D0k4IV4y/+aW+ZNsynvnAF.2","action":"Commit Response", "result":"Success", "context":Result: Success. cV=D0k4IV4y/+aW+ZNsynvnAF.0;server=akswtt104000001;cloudType=Consumer;environment=Prod_southindia_prod-s01-004-apac-southindia;migrationStage=NotStarted}
{"logTime": "0522/075925", "correlationVector":"yTUoYaDCvh/8YXkGIJNyrC","action":"Commit Request", "result":"", "context":Item count: 6
Contributing types: Sessions, History}
{"logTime": "0522/075927", "correlationVector":"yTUoYaDCvh/8YXkGIJNyrC.1","action":"SyncServerConnectionManagerRequest", "result":"SYNC_SERVER_OK", "context":{"environment":"Prod_southindia_prod-s01-004-apac-southindia", "migrationStage":"NotStarted", "server":"akswtt10400000w"}}
{"logTime": "0522/075927", "correlationVector":"yTUoYaDCvh/8YXkGIJNyrC.2","action":"Commit Response", "result":"Success", "context":Result: Success. cV=yTUoYaDCvh/8YXkGIJNyrC.0;server=akswtt10400000w;cloudType=Consumer;environment=Prod_southindia_prod-s01-004-apac-southindia;migrationStage=NotStarted}
{"logTime": "0522/080027", "correlationVector":"cdpxW0RMUw8E7deRHKv9WU","action":"Commit Request", "result":"", "context":Item count: 4
Contributing types: Sessions, History}
{"logTime": "0522/080028", "correlationVector":"cdpxW0RMUw8E7deRHKv9WU.1","action":"SyncServerConnectionManagerRequest", "result":"SYNC_SERVER_OK", "context":{"environment":"Prod_southindia_prod-s01-004-apac-southindia", "migrationStage":"NotStarted", "server":"akswtt104000001"}}
{"logTime": "0522/080028", "correlationVector":"cdpxW0RMUw8E7deRHKv9WU.3","action":"Commit.Sessions", "result":"Success", "context":{"id":"67a3b239-bc7d-48f8-ab65-d50555679f9b", "isDeleted":"true", "size":"0", "version":"1779436765724"}}
{"logTime": "0522/080028", "correlationVector":"cdpxW0RMUw8E7deRHKv9WU.2","action":"Commit Response", "result":"Success", "context":Result: Success. cV=cdpxW0RMUw8E7deRHKv9WU.0;server=akswtt104000001;cloudType=Consumer;environment=Prod_southindia_prod-s01-004-apac-southindia;migrationStage=NotStarted}
{"logTime": "0522/080925", "correlationVector":"XBO7suOMsatym8SSKr4OYj.1","action":"SyncServerConnectionManagerRequest", "result":"SYNC_SERVER_OK", "context":{"environment":"Prod_southindia_prod-s01-004-apac-southindia", "migrationStage":"NotStarted", "server":"akswtt10400000t"}}
{"logTime": "0522/080925", "correlationVector":"XBO7suOMsatym8SSKr4OYj.2","action":"ProcessGetUpdates", "result":"Done", "context":{"dataType":"Encryption Keys", "deleted":"0", "process_failed_to_decrypt":"0", "process_pending_decryption":"0", "process_success":"1", "total":"1"}}
{"logTime": "0522/080925", "correlationVector":"s0W3OYoEueylXXwbzlI3jr","action":"SyncServerConnectionManagerRequest", "result":"SYNC_SERVER_OK", "context":{"environment":"", "migrationStage":"", "server":""}}
{"logTime": "0522/080925", "correlationVector":"s0W3OYoEueylXXwbzlI3jr.0","action":"EncryptionKeysFetcher.DownloadKeys:", "result":"Success", "context":Key count: 9, Last key timestamp: 2026-05-21T11:50:30Z}
{"logTime": "0522/080925", "correlationVector":"s0W3OYoEueylXXwbzlI3jr.1","action":"EncryptionKeysManager::SetEncryptionKeys:", "result":"Success", "context":Key names[9]:[fydPPcFQ6ZPqfIa/ghItmWrmguHSVATv1OQZHzfEacQaWk4Xbt5DonGV9etiHHXvLcT3Wnqu2CEmGxcqphdyiw==][gLTCB1guXl/3nrye5CajdlInojF5BRCZgEWeqViAw8yYFaSkijxpSzHZ43iC6r1KF+HRzZyumuEJ/fgEqOgnVA==][cFmbgCMHNIZ/8EYWHYUZwXn2BdhsIsKBu2X+HdV8haXmlq2TY0VWsR/I5QGt72e0oOeVjIwdjy4GefGrQ5Kpwg==][YAmLiZWeN8hGU4h3kyDok8hL5kLjHDKYQUAD+dFXTaeKvcXYA2oJuWVCU7SUNX8DQNJ8w3Fspx3oSCzz5coGEQ==][HTADftgssfq9vDHnXyOZOIZMPB+pPgtuuWUR11PXrYljNkZxeHuwYLa4f2QqllzhQikyHrdTrZvELC5zwbZcWg==][A8Z7/eoDljnjQ7Ifg6SwQ10zdY0PNLjN8OtxFahZbSAQtzSjoDiKSAy2z0mH7zpxhgDS8c5wNXadq36dwH+mBw==][Ync/2/j+oY+sL2QWv44nfHrkbPBYsfbrsdhB2Q9uZDKiZFl4icwEV8Ogs2lKhq7W66csz442PRZghxd86glRPA==][/RK8NdVkeL0p0bULS/nxPnvLUmmaLmkO9U/e/7P6izzP//lHAS5TO/Mp2GbcvWsfJCfyhy8fD94Nzp6a/Gw5Kg==][MSDbRflDvdxcxnGZlcYAZ9lxQa20ShFV1vPXaSnaRpgx6zGDkc4a8elEpHx45yir6t8H08s9fWfRpEij4fXwMw==]}
{"logTime": "0522/080925", "correlationVector":"s0W3OYoEueylXXwbzlI3jr.2","action":"EncryptionKeysManager::SetEncryptionKeysWithTimestamps:", "result":"Success", "context":Key timestamps[9]:[2021-07-04T06:07:06Z][2022-01-01T10:49:59Z][2022-07-01T15:42:42Z][2022-12-29T09:13:53Z][2023-06-27T11:25:04Z][2023-12-28T00:34:31Z][2024-06-29T03:14:36Z][2024-12-28T16:06:29Z][2026-05-21T11:50:30Z]}
{"logTime": "0522/080925", "correlationVector":"XBO7suOMsatym8SSKr4OYj","action":"Initial GetUpdates", "result":"", "context":Reason: NEW_CLIENT. cV=XBO7suOMsatym8SSKr4OYj}
{"logTime": "0522/080925", "correlationVector":"XBO7suOMsatym8SSKr4OYj.3","action":"GetUpdates Response", "result":"Success", "context":Received 1 update(s). cV=XBO7suOMsatym8SSKr4OYj.0;server=akswtt10400000t;cloudType=Consumer;environment=Prod_southindia_prod-s01-004-apac-southindia;migrationStage=NotStarted}
{"logTime": "0522/080925", "correlationVector":"TiQsKkA60mxSldI+rmuaQX","action":"Initial GetUpdates", "result":"", "context":Reason: NEWLY_SUPPORTED_DATATYPE. cV=TiQsKkA60mxSldI+rmuaQX}
{"logTime": "0522/080926", "correlationVector":"TiQsKkA60mxSldI+rmuaQX.1","action":"SyncServerConnectionManagerRequest", "result":"SYNC_SERVER_OK", "context":{"environment":"Prod_southindia_prod-s01-004-apac-southindia", "migrationStage":"NotStarted", "server":"akswtt104000006"}}
{"logTime": "0522/080926", "correlationVector":"TiQsKkA60mxSldI+rmuaQX.2","action":"ProcessGetUpdates", "result":"Done", "context":{"dataType":"Preferences", "deleted":"3", "process_failed_to_decrypt":"0", "process_pending_decryption":"0", "process_success":"71", "total":"71"}}
{"logTime": "0522/080926", "correlationVector":"TiQsKkA60mxSldI+rmuaQX.3","action":"ProcessGetUpdates", "result":"Done", "context":{"dataType":"Passwords", "deleted":"0", "process_failed_to_decrypt":"0", "process_pending_decryption":"0", "process_success":"2", "total":"2"}}
{"logTime": "0522/080926", "correlationVector":"TiQsKkA60mxSldI+rmuaQX.4","action":"ProcessGetUpdates", "result":"Done", "context":{"dataType":"Device Info", "deleted":"0", "process_failed_to_decrypt":"0", "process_pending_decryption":"0", "process_success":"9", "total":"9"}}
{"logTime": "0522/080926", "correlationVector":"TiQsKkA60mxSldI+rmuaQX.5","action":"GetUpdates Response", "result":"Success", "context":Received 82 update(s). cV=TiQsKkA60mxSldI+rmuaQX.0;server=akswtt104000006;cloudType=Consumer;environment=Prod_southindia_prod-s01-004-apac-southindia;migrationStage=NotStarted}
{"logTime": "0522/080926", "correlationVector":"0JXpOZiJl1hEasCt5/3wjg","action":"Initial GetUpdates", "result":"", "context":Reason: NEWLY_SUPPORTED_DATATYPE. cV=0JXpOZiJl1hEasCt5/3wjg}
{"logTime": "0522/080927", "correlationVector":"0JXpOZiJl1hEasCt5/3wjg.1","action":"SyncServerConnectionManagerRequest", "result":"SYNC_SERVER_OK", "context":{"environment":"Prod_southindia_prod-s01-004-apac-southindia", "migrationStage":"NotStarted", "server":"akswtt104000011"}}
{"logTime": "0522/080927", "correlationVector":"0JXpOZiJl1hEasCt5/3wjg.2","action":"ProcessGetUpdates", "result":"Done", "context":{"dataType":"Bookmarks", "deleted":"0", "process_failed_to_decrypt":"0", "process_pending_decryption":"0", "process_success":"9", "total":"9"}}
{"logTime": "0522/080927", "correlationVector":"0JXpOZiJl1hEasCt5/3wjg.3","action":"GetUpdates Response", "result":"Success", "context":Received 9 update(s). cV=0JXpOZiJl1hEasCt5/3wjg.0;server=akswtt104000011;cloudType=Consumer;environment=Prod_southindia_prod-s01-004-apac-southindia;migrationStage=NotStarted}
{"logTime": "0522/080927", "correlationVector":"rFfjVvtpEl1Gyh125a4uN/","action":"Initial GetUpdates", "result":"", "context":Reason: NEWLY_SUPPORTED_DATATYPE. cV=rFfjVvtpEl1Gyh125a4uN/}
{"logTime": "0522/080927", "correlationVector":"rFfjVvtpEl1Gyh125a4uN/.1","action":"SyncServerConnectionManagerRequest", "result":"SYNC_SERVER_OK", "context":{"environment":"Prod_southindia_prod-s01-004-apac-southindia", "migrationStage":"NotStarted", "server":"akswtt10400000r"}}
{"logTime": "0522/080927", "correlationVector":"rFfjVvtpEl1Gyh125a4uN/.2","action":"ProcessGetUpdates", "result":"Done", "context":{"dataType":"Autofill Profiles", "deleted":"3", "process_failed_to_decrypt":"0", "process_pending_decryption":"0", "process_success":"3", "total":"3"}}
{"logTime": "0522/080927", "correlationVector":"rFfjVvtpEl1Gyh125a4uN/.3","action":"ProcessGetUpdates", "result":"Done", "context":{"dataType":"Autofill", "deleted":"0", "process_failed_to_decrypt":"0", "process_pending_decryption":"0", "process_success":"1", "total":"1"}}
{"logTime": "0522/080927", "correlationVector":"rFfjVvtpEl1Gyh125a4uN/.4","action":"ProcessGetUpdates", "result":"Done", "context":{"dataType":"Sessions", "deleted":"5", "process_failed_to_decrypt":"0", "process_pending_decryption":"0", "process_success":"9", "total":"9"}}
{"logTime": "0522/080927", "correlationVector":"rFfjVvtpEl1Gyh125a4uN/.5","action":"ProcessGetUpdates", "result":"Done", "context":{"dataType":"Edge Hub App Usage", "deleted":"0", "process_failed_to_decrypt":"0", "process_pending_decryption":"0", "process_success":"1", "total":"1"}}
{"logTime": "0522/080927", "correlationVector":"rFfjVvtpEl1Gyh125a4uN/.6","action":"GetUpdates Response", "result":"Success", "context":Received 14 update(s). cV=rFfjVvtpEl1Gyh125a4uN/.0;server=akswtt10400000r;cloudType=Consumer;environment=Prod_southindia_prod-s01-004-apac-southindia;migrationStage=NotStarted}
{"logTime": "0522/080927", "correlationVector":"ZPGqTC+CEOyYtNc/YGZ0/o","action":"Initial GetUpdates", "result":"", "context":Reason: NEWLY_SUPPORTED_DATATYPE. cV=ZPGqTC+CEOyYtNc/YGZ0/o}
{"logTime": "0522/080928", "correlationVector":"ZPGqTC+CEOyYtNc/YGZ0/o.1","action":"SyncServerConnectionManagerRequest", "result":"SYNC_SERVER_OK", "context":{"environment":"Prod_southindia_prod-s01-004-apac-southindia", "migrationStage":"NotStarted", "server":"akswtt104000015"}}
{"logTime": "0522/080928", "correlationVector":"ZPGqTC+CEOyYtNc/YGZ0/o.2","action":"ProcessGetUpdates", "result":"Done", "context":{"dataType":"History", "deleted":"0", "process_failed_to_decrypt":"0", "process_pending_decryption":"0", "process_success":"18", "total":"18"}}
{"logTime": "0522/080928", "correlationVector":"ZPGqTC+CEOyYtNc/YGZ0/o.3","action":"GetUpdates Response", "result":"Success", "context":Received 18 update(s). cV=ZPGqTC+CEOyYtNc/YGZ0/o.0;server=akswtt104000015;cloudType=Consumer;environment=Prod_southindia_prod-s01-004-apac-southindia;migrationStage=NotStarted}
{"logTime": "0522/080928", "correlationVector":"oRAK+uH3V8M/W16blOX62J","action":"Normal GetUpdate request", "result":"", "context":cV=oRAK+uH3V8M/W16blOX62J
Nudged types: Preferences, Passwords, Sessions, Device Info
Refresh requested types: Bookmarks, Preferences, Passwords, Autofill Profiles, Autofill, Extensions, Sessions, Extension settings, History Delete Directives, Device Info, User Consents, Send Tab To Self, Web Apps, History, Saved Tab Group, WebAuthn Credentials, Collection, Edge E Drop, Edge Hub App Usage, Edge Wallet, Edge Workspace, Encryption Keys}
{"logTime": "0522/080929", "correlationVector":"oRAK+uH3V8M/W16blOX62J.1","action":"SyncServerConnectionManagerRequest", "result":"SYNC_SERVER_OK", "context":{"environment":"Prod_southindia_prod-s01-004-apac-southindia", "migrationStage":"NotStarted", "server":"akswtt10400000b"}}
{"logTime": "0522/080929", "correlationVector":"oRAK+uH3V8M/W16blOX62J.2","action":"GetUpdates Response", "result":"Success", "context":Received 0 update(s). cV=oRAK+uH3V8M/W16blOX62J.0;server=akswtt10400000b;cloudType=Consumer;environment=Prod_southindia_prod-s01-004-apac-southindia;migrationStage=NotStarted}
{"logTime": "0522/080929", "correlationVector":"aeZvortf9o9iMNX5PfzonA","action":"Commit Request", "result":"", "context":Item count: 5
Contributing types: Preferences, Passwords, Sessions, Device Info}
{"logTime": "0522/080930", "correlationVector":"aeZvortf9o9iMNX5PfzonA.1","action":"SyncServerConnectionManagerRequest", "result":"SYNC_SERVER_OK", "context":{"environment":"Prod_southindia_prod-s01-004-apac-southindia", "migrationStage":"NotStarted", "server":"akswtt10400002v"}}
{"logTime": "0522/080930", "correlationVector":"aeZvortf9o9iMNX5PfzonA.2","action":"Commit Response", "result":"Success", "context":Result: Success. cV=aeZvortf9o9iMNX5PfzonA.0;server=akswtt10400002v;cloudType=Consumer;environment=Prod_southindia_prod-s01-004-apac-southindia;migrationStage=NotStarted}
{"logTime": "0522/081021", "correlationVector":"fD0MDUH3hqgc/vM5KXk/wd","action":"Commit Request", "result":"", "context":Item count: 5
Contributing types: Sessions, History}
{"logTime": "0522/081023", "correlationVector":"fD0MDUH3hqgc/vM5KXk/wd.1","action":"SyncServerConnectionManagerRequest", "result":"SYNC_SERVER_OK", "context":{"environment":"Prod_southindia_prod-s01-004-apac-southindia", "migrationStage":"NotStarted", "server":"akswtt104000004"}}
{"logTime": "0522/081023", "correlationVector":"fD0MDUH3hqgc/vM5KXk/wd.2","action":"Commit Response", "result":"Success", "context":Result: Success. cV=fD0MDUH3hqgc/vM5KXk/wd.0;server=akswtt104000004;cloudType=Consumer;environment=Prod_southindia_prod-s01-004-apac-southindia;migrationStage=NotStarted}
{"logTime": "0522/081354", "correlationVector":"zRJvcgnurSJ0FcTQci6RpP.1","action":"SyncServerConnectionManagerRequest", "result":"SYNC_SERVER_OK", "context":{"environment":"Prod_southindia_prod-s01-004-apac-southindia", "migrationStage":"NotStarted", "server":"akswtt10400000l"}}
{"logTime": "0522/081354", "correlationVector":"zRJvcgnurSJ0FcTQci6RpP.2","action":"ProcessGetUpdates", "result":"Done", "context":{"dataType":"Encryption Keys", "deleted":"0", "process_failed_to_decrypt":"0", "process_pending_decryption":"0", "process_success":"1", "total":"1"}}
{"logTime": "0522/081355", "correlationVector":"OCgXDdzRzutWCUt6CpX4zl","action":"SyncServerConnectionManagerRequest", "result":"SYNC_SERVER_ERROR", "context":{"environment":"", "error_type":"http_status_code", "error_value":"400", "migrationStage":"", "server":""}}
{"logTime": "0522/081355", "correlationVector":"zRJvcgnurSJ0FcTQci6RpP","action":"Initial GetUpdates", "result":"", "context":Reason: NEW_CLIENT. cV=zRJvcgnurSJ0FcTQci6RpP}
{"logTime": "0522/081355", "correlationVector":"zRJvcgnurSJ0FcTQci6RpP.3","action":"GetUpdates Response", "result":"Success", "context":Received 1 update(s). cV=zRJvcgnurSJ0FcTQci6RpP.0;server=akswtt10400000l;cloudType=Consumer;environment=Prod_southindia_prod-s01-004-apac-southindia;migrationStage=NotStarted}
{"logTime": "0522/081355", "correlationVector":"FmPP+jLPbxONob4q4fW0fv","action":"Normal GetUpdate request", "result":"", "context":cV=FmPP+jLPbxONob4q4fW0fv
Nudged types: Sessions, History
Refresh requested types: Bookmarks, Preferences, Extensions, Sessions, Extension settings, History Delete Directives, Device Info, User Consents, Send Tab To Self, Web Apps, History, Saved Tab Group, WebAuthn Credentials, Collection, Edge E Drop, Edge Hub App Usage, Edge Wallet, Edge Workspace, Encryption Keys}
{"logTime": "0522/081356", "correlationVector":"FmPP+jLPbxONob4q4fW0fv.1","action":"SyncServerConnectionManagerRequest", "result":"SYNC_SERVER_OK", "context":{"environment":"Prod_southindia_prod-s01-004-apac-southindia", "migrationStage":"NotStarted", "server":"akswtt10400000o"}}
{"logTime": "0522/081356", "correlationVector":"FmPP+jLPbxONob4q4fW0fv.2","action":"ProcessGetUpdates", "result":"Done", "context":{"dataType":"Preferences", "deleted":"0", "process_failed_to_decrypt":"0", "process_pending_decryption":"0", "process_success":"1", "total":"1"}}
{"logTime": "0522/081356", "correlationVector":"FmPP+jLPbxONob4q4fW0fv.3","action":"ProcessGetUpdates", "result":"Done", "context":{"dataType":"Sessions", "deleted":"0", "process_failed_to_decrypt":"0", "process_pending_decryption":"0", "process_success":"3", "total":"3"}}
{"logTime": "0522/081356", "correlationVector":"FmPP+jLPbxONob4q4fW0fv.4","action":"ProcessGetUpdates", "result":"Done", "context":{"dataType":"Device Info", "deleted":"0", "process_failed_to_decrypt":"0", "process_pending_decryption":"0", "process_success":"1", "total":"1"}}
{"logTime": "0522/081356", "correlationVector":"FmPP+jLPbxONob4q4fW0fv.5","action":"ProcessGetUpdates", "result":"Done", "context":{"dataType":"History", "deleted":"0", "process_failed_to_decrypt":"0", "process_pending_decryption":"0", "process_success":"2", "total":"2"}}
{"logTime": "0522/081356", "correlationVector":"FmPP+jLPbxONob4q4fW0fv.6","action":"GetUpdates Response", "result":"Success", "context":Received 7 update(s). cV=FmPP+jLPbxONob4q4fW0fv.0;server=akswtt10400000o;cloudType=Consumer;environment=Prod_southindia_prod-s01-004-apac-southindia;migrationStage=NotStarted}
{"logTime": "0522/081357", "correlationVector":"ulSN6HGu9dogVi2qzUvzw8","action":"Commit Request", "result":"", "context":Item count: 4
Contributing types: Sessions, History}
{"logTime": "0522/081358", "correlationVector":"ulSN6HGu9dogVi2qzUvzw8.1","action":"SyncServerConnectionManagerRequest", "result":"SYNC_SERVER_OK", "context":{"environment":"Prod_southindia_prod-s01-004-apac-southindia", "migrationStage":"NotStarted", "server":"akswtt10400000o"}}
{"logTime": "0522/081358", "correlationVector":"ulSN6HGu9dogVi2qzUvzw8.2","action":"Commit Response", "result":"Success", "context":Result: Success. cV=ulSN6HGu9dogVi2qzUvzw8.0;server=akswtt10400000o;cloudType=Consumer;environment=Prod_southindia_prod-s01-004-apac-southindia;migrationStage=NotStarted}
{"logTime": "0522/081359", "correlationVector":"6Lr+KhR4T4stfX/LZVfEW2","action":"SyncServerConnectionManagerRequest", "result":"SYNC_SERVER_ERROR", "context":{"environment":"", "error_type":"http_status_code", "error_value":"400", "migrationStage":"", "server":""}}
{"logTime": "0522/081359", "correlationVector":"pHSLeqHT5C1I6wvQiM6zkK","action":"Normal GetUpdate request", "result":"", "context":cV=pHSLeqHT5C1I6wvQiM6zkK
Nudged types: Sessions, History
Refresh requested types: Encryption Keys}
{"logTime": "0522/081400", "correlationVector":"pHSLeqHT5C1I6wvQiM6zkK.1","action":"SyncServerConnectionManagerRequest", "result":"SYNC_SERVER_OK", "context":{"environment":"Prod_southindia_prod-s01-004-apac-southindia", "migrationStage":"NotStarted", "server":"akswtt104000027"}}
{"logTime": "0522/081400", "correlationVector":"pHSLeqHT5C1I6wvQiM6zkK.2","action":"ProcessGetUpdates", "result":"Done", "context":{"dataType":"Sessions", "deleted":"0", "process_failed_to_decrypt":"0", "process_pending_decryption":"0", "process_success":"3", "total":"3"}}
{"logTime": "0522/081400", "correlationVector":"pHSLeqHT5C1I6wvQiM6zkK.3","action":"ProcessGetUpdates", "result":"Done", "context":{"dataType":"History", "deleted":"0", "process_failed_to_decrypt":"0", "process_pending_decryption":"0", "process_success":"1", "total":"1"}}
{"logTime": "0522/081400", "correlationVector":"pHSLeqHT5C1I6wvQiM6zkK.4","action":"GetUpdates Response", "result":"Success", "context":Received 4 update(s). cV=pHSLeqHT5C1I6wvQiM6zkK.0;server=akswtt104000027;cloudType=Consumer;environment=Prod_southindia_prod-s01-004-apac-southindia;migrationStage=NotStarted}
{"logTime": "0522/081401", "correlationVector":"eJqjM6UzN9twDAxusDQcc6","action":"Commit Request", "result":"", "context":Item count: 2
Contributing types: Sessions, History}
{"logTime": "0522/081402", "correlationVector":"eJqjM6UzN9twDAxusDQcc6.1","action":"SyncServerConnectionManagerRequest", "result":"SYNC_SERVER_OK", "context":{"environment":"Prod_southindia_prod-s01-004-apac-southindia", "migrationStage":"NotStarted", "server":"akswtt10400000w"}}
{"logTime": "0522/081402", "correlationVector":"eJqjM6UzN9twDAxusDQcc6.2","action":"Commit Response", "result":"Success", "context":Result: Success. cV=eJqjM6UzN9twDAxusDQcc6.0;server=akswtt10400000w;cloudType=Consumer;environment=Prod_southindia_prod-s01-004-apac-southindia;migrationStage=NotStarted}
{"logTime": "0522/081402", "correlationVector":"/GwBThkCZQpHHP6o2nxJLW","action":"SyncServerConnectionManagerRequest", "result":"SYNC_SERVER_ERROR", "context":{"environment":"", "error_type":"http_status_code", "error_value":"400", "migrationStage":"", "server":""}}
{"logTime": "0522/081403", "correlationVector":"flMI93umYnVqMFbwvMNs8R","action":"Normal GetUpdate request", "result":"", "context":cV=flMI93umYnVqMFbwvMNs8R
Nudged types: Sessions, History
Refresh requested types: Encryption Keys}
{"logTime": "0522/081403", "correlationVector":"flMI93umYnVqMFbwvMNs8R.1","action":"SyncServerConnectionManagerRequest", "result":"SYNC_SERVER_OK", "context":{"environment":"Prod_southindia_prod-s01-004-apac-southindia", "migrationStage":"NotStarted", "server":"akswtt10400000v"}}
{"logTime": "0522/081403", "correlationVector":"flMI93umYnVqMFbwvMNs8R.2","action":"ProcessGetUpdates", "result":"Done", "context":{"dataType":"Sessions", "deleted":"0", "process_failed_to_decrypt":"0", "process_pending_decryption":"0", "process_success":"1", "total":"1"}}
{"logTime": "0522/081403", "correlationVector":"flMI93umYnVqMFbwvMNs8R.3","action":"ProcessGetUpdates", "result":"Done", "context":{"dataType":"History", "deleted":"0", "process_failed_to_decrypt":"0", "process_pending_decryption":"0", "process_success":"1", "total":"1"}}
{"logTime": "0522/081403", "correlationVector":"flMI93umYnVqMFbwvMNs8R.4","action":"GetUpdates Response", "result":"Success", "context":Received 2 update(s). cV=flMI93umYnVqMFbwvMNs8R.0;server=akswtt10400000v;cloudType=Consumer;environment=Prod_southindia_prod-s01-004-apac-southindia;migrationStage=NotStarted}
{"logTime": "0522/081404", "correlationVector":"P1IoSAY5Omixn79OicxncH","action":"SyncServerConnectionManagerRequest", "result":"SYNC_SERVER_ERROR", "context":{"environment":"", "error_type":"http_status_code", "error_value":"400", "migrationStage":"", "server":""}}
{"logTime": "0522/081407", "correlationVector":"ClsrMF+G+d87EbaV7Kw7+b","action":"Normal GetUpdate request", "result":"", "context":cV=ClsrMF+G+d87EbaV7Kw7+b
Nudged types: Sessions, History
Refresh requested types: Encryption Keys}
{"logTime": "0522/081407", "correlationVector":"ClsrMF+G+d87EbaV7Kw7+b.1","action":"SyncServerConnectionManagerRequest", "result":"SYNC_SERVER_OK", "context":{"environment":"Prod_southindia_prod-s01-004-apac-southindia", "migrationStage":"NotStarted", "server":"akswtt104000033"}}
{"logTime": "0522/081407", "correlationVector":"ClsrMF+G+d87EbaV7Kw7+b.2","action":"GetUpdates Response", "result":"Success", "context":Received 0 update(s). cV=ClsrMF+G+d87EbaV7Kw7+b.0;server=akswtt104000033;cloudType=Consumer;environment=Prod_southindia_prod-s01-004-apac-southindia;migrationStage=NotStarted}
{"logTime": "0522/081407", "correlationVector":"h71i1oxsQkTTuAgKr2GCHi","action":"Commit Request", "result":"", "context":Item count: 3
Contributing types: Sessions, History}
{"logTime": "0522/081410", "correlationVector":"h71i1oxsQkTTuAgKr2GCHi.1","action":"SyncServerConnectionManagerRequest", "result":"SYNC_SERVER_OK", "context":{"environment":"Prod_southindia_prod-s01-004-apac-southindia", "migrationStage":"NotStarted", "server":"akswtt104000012"}}
{"logTime": "0522/081410", "correlationVector":"h71i1oxsQkTTuAgKr2GCHi.3","action":"Commit.Sessions", "result":"Success", "context":{"id":"862698b2-3e4b-41b2-940e-af948e5e710e", "isDeleted":"true", "size":"0", "version":"1779437637743"}}
{"logTime": "0522/081410", "correlationVector":"h71i1oxsQkTTuAgKr2GCHi.2","action":"Commit Response", "result":"Success", "context":Result: Success. cV=h71i1oxsQkTTuAgKr2GCHi.0;server=akswtt104000012;cloudType=Consumer;environment=Prod_southindia_prod-s01-004-apac-southindia;migrationStage=NotStarted}
{"logTime": "0522/081410", "correlationVector":"pXs+0cbuQSoqxUa37HOOAn","action":"SyncServerConnectionManagerRequest", "result":"SYNC_SERVER_ERROR", "context":{"environment":"", "error_type":"http_status_code", "error_value":"400", "migrationStage":"", "server":""}}
{"logTime": "0522/081418", "correlationVector":"AFDFqlbyw6lLI2VHsV6NZK","action":"Normal GetUpdate request", "result":"", "context":cV=AFDFqlbyw6lLI2VHsV6NZK
Nudged types: Sessions, History
Refresh requested types: Encryption Keys}
{"logTime": "0522/081419", "correlationVector":"AFDFqlbyw6lLI2VHsV6NZK.1","action":"SyncServerConnectionManagerRequest", "result":"SYNC_SERVER_OK", "context":{"environment":"Prod_southindia_prod-s01-004-apac-southindia", "migrationStage":"NotStarted", "server":"akswtt10400000b"}}
{"logTime": "0522/081419", "correlationVector":"AFDFqlbyw6lLI2VHsV6NZK.2","action":"ProcessGetUpdates", "result":"Done", "context":{"dataType":"Sessions", "deleted":"1", "process_failed_to_decrypt":"0", "process_pending_decryption":"0", "process_success":"2", "total":"2"}}
{"logTime": "0522/081419", "correlationVector":"AFDFqlbyw6lLI2VHsV6NZK.3","action":"ProcessGetUpdates", "result":"Done", "context":{"dataType":"History", "deleted":"0", "process_failed_to_decrypt":"0", "process_pending_decryption":"0", "process_success":"1", "total":"1"}}
{"logTime": "0522/081419", "correlationVector":"AFDFqlbyw6lLI2VHsV6NZK.4","action":"GetUpdates Response", "result":"Success", "context":Received 3 update(s). cV=AFDFqlbyw6lLI2VHsV6NZK.0;server=akswtt10400000b;cloudType=Consumer;environment=Prod_southindia_prod-s01-004-apac-southindia;migrationStage=NotStarted}
{"logTime": "0522/081419", "correlationVector":"tQBU0Tux3THpplHXykX6V0","action":"SyncServerConnectionManagerRequest", "result":"SYNC_SERVER_ERROR", "context":{"environment":"", "error_type":"http_status_code", "error_value":"400", "migrationStage":"", "server":""}}
{"logTime": "0522/081436", "correlationVector":"R5VAzEwUFiO3p0oN6h83bf","action":"Normal GetUpdate request", "result":"", "context":cV=R5VAzEwUFiO3p0oN6h83bf
Refresh requested types: Encryption Keys}
{"logTime": "0522/081437", "correlationVector":"R5VAzEwUFiO3p0oN6h83bf.1","action":"SyncServerConnectionManagerRequest", "result":"SYNC_SERVER_OK", "context":{"environment":"Prod_southindia_prod-s01-004-apac-southindia", "migrationStage":"NotStarted", "server":"akswtt104000033"}}
{"logTime": "0522/081437", "correlationVector":"R5VAzEwUFiO3p0oN6h83bf.2","action":"GetUpdates Response", "result":"Success", "context":Received 0 update(s). cV=R5VAzEwUFiO3p0oN6h83bf.0;server=akswtt104000033;cloudType=Consumer;environment=Prod_southindia_prod-s01-004-apac-southindia;migrationStage=NotStarted}
{"logTime": "0522/081437", "correlationVector":"ix1vJNNx/y4p/MmPFK2LeF","action":"SyncServerConnectionManagerRequest", "result":"SYNC_SERVER_OK", "context":{"environment":"", "migrationStage":"", "server":""}}
{"logTime": "0522/081437", "correlationVector":"ix1vJNNx/y4p/MmPFK2LeF.0","action":"EncryptionKeysFetcher.DownloadKeys:", "result":"Success", "context":Key count: 9, Last key timestamp: 2026-05-21T11:50:30Z}
{"logTime": "0522/081437", "correlationVector":"ix1vJNNx/y4p/MmPFK2LeF.1","action":"EncryptionKeysManager::SetEncryptionKeys:", "result":"Success", "context":Key names[9]:[fydPPcFQ6ZPqfIa/ghItmWrmguHSVATv1OQZHzfEacQaWk4Xbt5DonGV9etiHHXvLcT3Wnqu2CEmGxcqphdyiw==][gLTCB1guXl/3nrye5CajdlInojF5BRCZgEWeqViAw8yYFaSkijxpSzHZ43iC6r1KF+HRzZyumuEJ/fgEqOgnVA==][cFmbgCMHNIZ/8EYWHYUZwXn2BdhsIsKBu2X+HdV8haXmlq2TY0VWsR/I5QGt72e0oOeVjIwdjy4GefGrQ5Kpwg==][YAmLiZWeN8hGU4h3kyDok8hL5kLjHDKYQUAD+dFXTaeKvcXYA2oJuWVCU7SUNX8DQNJ8w3Fspx3oSCzz5coGEQ==][HTADftgssfq9vDHnXyOZOIZMPB+pPgtuuWUR11PXrYljNkZxeHuwYLa4f2QqllzhQikyHrdTrZvELC5zwbZcWg==][A8Z7/eoDljnjQ7Ifg6SwQ10zdY0PNLjN8OtxFahZbSAQtzSjoDiKSAy2z0mH7zpxhgDS8c5wNXadq36dwH+mBw==][Ync/2/j+oY+sL2QWv44nfHrkbPBYsfbrsdhB2Q9uZDKiZFl4icwEV8Ogs2lKhq7W66csz442PRZghxd86glRPA==][/RK8NdVkeL0p0bULS/nxPnvLUmmaLmkO9U/e/7P6izzP//lHAS5TO/Mp2GbcvWsfJCfyhy8fD94Nzp6a/Gw5Kg==][MSDbRflDvdxcxnGZlcYAZ9lxQa20ShFV1vPXaSnaRpgx6zGDkc4a8elEpHx45yir6t8H08s9fWfRpEij4fXwMw==]}
{"logTime": "0522/081437", "correlationVector":"ix1vJNNx/y4p/MmPFK2LeF.2","action":"EncryptionKeysManager::SetEncryptionKeysWithTimestamps:", "result":"Success", "context":Key timestamps[9]:[2021-07-04T06:07:06Z][2022-01-01T10:49:59Z][2022-07-01T15:42:42Z][2022-12-29T09:13:53Z][2023-06-27T11:25:04Z][2023-12-28T00:34:31Z][2024-06-29T03:14:36Z][2024-12-28T16:06:29Z][2026-05-21T11:50:30Z]}
{"logTime": "0522/081437", "correlationVector":"khpjqYEEe3qk9B0kvmLtwF","action":"Initial GetUpdates", "result":"", "context":Reason: NEWLY_SUPPORTED_DATATYPE. cV=khpjqYEEe3qk9B0kvmLtwF}
{"logTime": "0522/081438", "correlationVector":"khpjqYEEe3qk9B0kvmLtwF.1","action":"SyncServerConnectionManagerRequest", "result":"SYNC_SERVER_OK", "context":{"environment":"Prod_southindia_prod-s01-004-apac-southindia", "migrationStage":"NotStarted", "server":"akswtt10400000j"}}
{"logTime": "0522/081438", "correlationVector":"khpjqYEEe3qk9B0kvmLtwF.2","action":"ProcessGetUpdates", "result":"Done", "context":{"dataType":"Passwords", "deleted":"0", "process_failed_to_decrypt":"0", "process_pending_decryption":"0", "process_success":"2", "total":"2"}}
{"logTime": "0522/081438", "correlationVector":"khpjqYEEe3qk9B0kvmLtwF.3","action":"GetUpdates Response", "result":"Success", "context":Received 2 update(s). cV=khpjqYEEe3qk9B0kvmLtwF.0;server=akswtt10400000j;cloudType=Consumer;environment=Prod_southindia_prod-s01-004-apac-southindia;migrationStage=NotStarted}
{"logTime": "0522/081438", "correlationVector":"NYuCqqP/IAVB0OwcxnM6HC","action":"Normal GetUpdate request", "result":"", "context":cV=NYuCqqP/IAVB0OwcxnM6HC
Refresh requested types: Bookmarks, Preferences, Passwords, Autofill Profiles, Autofill, Extensions, Sessions, Extension settings, History Delete Directives, Device Info, User Consents, Send Tab To Self, Web Apps, History, Saved Tab Group, WebAuthn Credentials, Collection, Edge E Drop, Edge Hub App Usage, Edge Wallet, Edge Workspace, Encryption Keys}
{"logTime": "0522/081438", "correlationVector":"NYuCqqP/IAVB0OwcxnM6HC.1","action":"SyncServerConnectionManagerRequest", "result":"SYNC_SERVER_OK", "context":{"environment":"Prod_southindia_prod-s01-004-apac-southindia", "migrationStage":"NotStarted", "server":"akswtt104000006"}}
{"logTime": "0522/081438", "correlationVector":"NYuCqqP/IAVB0OwcxnM6HC.2","action":"GetUpdates Response", "result":"Success", "context":Received 0 update(s). cV=NYuCqqP/IAVB0OwcxnM6HC.0;server=akswtt104000006;cloudType=Consumer;environment=Prod_southindia_prod-s01-004-apac-southindia;migrationStage=NotStarted}
{"logTime": "0522/081439", "correlationVector":"tDi5L2Sl/WPN42tMLB3AhE","action":"Commit Request", "result":"", "context":Item count: 2
Contributing types: Preferences, Passwords}
{"logTime": "0522/081439", "correlationVector":"tDi5L2Sl/WPN42tMLB3AhE","action":"SyncServerConnectionManagerRequest", "result":"CONNECTION_UNAVAILABLE", "context":{"error_type":"net_error_code", "error_value":"-3"}}
{"logTime": "0522/084512", "correlationVector":"C9TUNH9u+QY4W4zskq650P.1","action":"SyncServerConnectionManagerRequest", "result":"SYNC_SERVER_OK", "context":{"environment":"Prod_southeastasia_prod-s01-065-apac-southeastasia", "migrationStage":"NotStarted", "server":"akswtt00000001v"}}
{"logTime": "0522/084512", "correlationVector":"C9TUNH9u+QY4W4zskq650P.2","action":"ProcessGetUpdates", "result":"Done", "context":{"dataType":"Encryption Keys", "deleted":"0", "process_failed_to_decrypt":"0", "process_pending_decryption":"0", "process_success":"1", "total":"1"}}
{"logTime": "0522/084513", "correlationVector":"Lirwk/nYJsiVsWzP6UY1BE","action":"SyncServerConnectionManagerRequest", "result":"SYNC_SERVER_OK", "context":{"environment":"", "migrationStage":"", "server":""}}
{"logTime": "0522/084513", "correlationVector":"Lirwk/nYJsiVsWzP6UY1BE.0","action":"EncryptionKeysFetcher.DownloadKeys:", "result":"Success", "context":Key count: 9, Last key timestamp: 2026-05-21T11:50:30Z}
{"logTime": "0522/084513", "correlationVector":"Lirwk/nYJsiVsWzP6UY1BE.1","action":"EncryptionKeysManager::SetEncryptionKeys:", "result":"Success", "context":Key names[9]:[fydPPcFQ6ZPqfIa/ghItmWrmguHSVATv1OQZHzfEacQaWk4Xbt5DonGV9etiHHXvLcT3Wnqu2CEmGxcqphdyiw==][gLTCB1guXl/3nrye5CajdlInojF5BRCZgEWeqViAw8yYFaSkijxpSzHZ43iC6r1KF+HRzZyumuEJ/fgEqOgnVA==][cFmbgCMHNIZ/8EYWHYUZwXn2BdhsIsKBu2X+HdV8haXmlq2TY0VWsR/I5QGt72e0oOeVjIwdjy4GefGrQ5Kpwg==][YAmLiZWeN8hGU4h3kyDok8hL5kLjHDKYQUAD+dFXTaeKvcXYA2oJuWVCU7SUNX8DQNJ8w3Fspx3oSCzz5coGEQ==][HTADftgssfq9vDHnXyOZOIZMPB+pPgtuuWUR11PXrYljNkZxeHuwYLa4f2QqllzhQikyHrdTrZvELC5zwbZcWg==][A8Z7/eoDljnjQ7Ifg6SwQ10zdY0PNLjN8OtxFahZbSAQtzSjoDiKSAy2z0mH7zpxhgDS8c5wNXadq36dwH+mBw==][Ync/2/j+oY+sL2QWv44nfHrkbPBYsfbrsdhB2Q9uZDKiZFl4icwEV8Ogs2lKhq7W66csz442PRZghxd86glRPA==][/RK8NdVkeL0p0bULS/nxPnvLUmmaLmkO9U/e/7P6izzP//lHAS5TO/Mp2GbcvWsfJCfyhy8fD94Nzp6a/Gw5Kg==][MSDbRflDvdxcxnGZlcYAZ9lxQa20ShFV1vPXaSnaRpgx6zGDkc4a8elEpHx45yir6t8H08s9fWfRpEij4fXwMw==]}
{"logTime": "0522/084513", "correlationVector":"Lirwk/nYJsiVsWzP6UY1BE.2","action":"EncryptionKeysManager::SetEncryptionKeysWithTimestamps:", "result":"Success", "context":Key timestamps[9]:[2021-07-04T06:07:06Z][2022-01-01T10:49:59Z][2022-07-01T15:42:42Z][2022-12-29T09:13:53Z][2023-06-27T11:25:04Z][2023-12-28T00:34:31Z][2024-06-29T03:14:36Z][2024-12-28T16:06:29Z][2026-05-21T11:50:30Z]}
{"logTime": "0522/084513", "correlationVector":"C9TUNH9u+QY4W4zskq650P","action":"Initial GetUpdates", "result":"", "context":Reason: NEW_CLIENT. cV=C9TUNH9u+QY4W4zskq650P}
{"logTime": "0522/084513", "correlationVector":"C9TUNH9u+QY4W4zskq650P.3","action":"GetUpdates Response", "result":"Success", "context":Received 1 update(s). cV=C9TUNH9u+QY4W4zskq650P.0;server=akswtt00000001v;cloudType=Consumer;environment=Prod_southeastasia_prod-s01-065-apac-southeastasia;migrationStage=NotStarted}
{"logTime": "0522/084513", "correlationVector":"Bh+HfK6w8Jfl06gOjdIVVh","action":"Initial GetUpdates", "result":"", "context":Reason: NEWLY_SUPPORTED_DATATYPE. cV=Bh+HfK6w8Jfl06gOjdIVVh}
{"logTime": "0522/084514", "correlationVector":"Bh+HfK6w8Jfl06gOjdIVVh.1","action":"SyncServerConnectionManagerRequest", "result":"SYNC_SERVER_OK", "context":{"environment":"Prod_southeastasia_prod-s01-065-apac-southeastasia", "migrationStage":"NotStarted", "server":"akswtt00000001s"}}
{"logTime": "0522/084514", "correlationVector":"Bh+HfK6w8Jfl06gOjdIVVh.2","action":"ProcessGetUpdates", "result":"Done", "context":{"dataType":"Preferences", "deleted":"3", "process_failed_to_decrypt":"0", "process_pending_decryption":"0", "process_success":"71", "total":"71"}}
{"logTime": "0522/084514", "correlationVector":"Bh+HfK6w8Jfl06gOjdIVVh.3","action":"ProcessGetUpdates", "result":"Done", "context":{"dataType":"Passwords", "deleted":"0", "process_failed_to_decrypt":"0", "process_pending_decryption":"0", "process_success":"2", "total":"2"}}
{"logTime": "0522/084514", "correlationVector":"Bh+HfK6w8Jfl06gOjdIVVh.4","action":"ProcessGetUpdates", "result":"Done", "context":{"dataType":"Device Info", "deleted":"0", "process_failed_to_decrypt":"0", "process_pending_decryption":"0", "process_success":"9", "total":"9"}}
{"logTime": "0522/084514", "correlationVector":"Bh+HfK6w8Jfl06gOjdIVVh.5","action":"GetUpdates Response", "result":"Success", "context":Received 82 update(s). cV=Bh+HfK6w8Jfl06gOjdIVVh.0;server=akswtt00000001s;cloudType=Consumer;environment=Prod_southeastasia_prod-s01-065-apac-southeastasia;migrationStage=NotStarted}
{"logTime": "0522/084515", "correlationVector":"qjYqOYkyOXoR5VlD5l3ZLZ","action":"Initial GetUpdates", "result":"", "context":Reason: NEWLY_SUPPORTED_DATATYPE. cV=qjYqOYkyOXoR5VlD5l3ZLZ}
{"logTime": "0522/084515", "correlationVector":"qjYqOYkyOXoR5VlD5l3ZLZ.1","action":"SyncServerConnectionManagerRequest", "result":"SYNC_SERVER_OK", "context":{"environment":"Prod_southeastasia_prod-s01-065-apac-southeastasia", "migrationStage":"NotStarted", "server":"akswtt00000001s"}}
{"logTime": "0522/084515", "correlationVector":"qjYqOYkyOXoR5VlD5l3ZLZ.2","action":"ProcessGetUpdates", "result":"Done", "context":{"dataType":"Bookmarks", "deleted":"0", "process_failed_to_decrypt":"0", "process_pending_decryption":"0", "process_success":"9", "total":"9"}}
{"logTime": "0522/084515", "correlationVector":"qjYqOYkyOXoR5VlD5l3ZLZ.3","action":"GetUpdates Response", "result":"Success", "context":Received 9 update(s). cV=qjYqOYkyOXoR5VlD5l3ZLZ.0;server=akswtt00000001s;cloudType=Consumer;environment=Prod_southeastasia_prod-s01-065-apac-southeastasia;migrationStage=NotStarted}
{"logTime": "0522/084515", "correlationVector":"GV/bT2KW8gBhQll8SS4K9t","action":"Initial GetUpdates", "result":"", "context":Reason: NEWLY_SUPPORTED_DATATYPE. cV=GV/bT2KW8gBhQll8SS4K9t}
{"logTime": "0522/084516", "correlationVector":"GV/bT2KW8gBhQll8SS4K9t.1","action":"SyncServerConnectionManagerRequest", "result":"SYNC_SERVER_OK", "context":{"environment":"Prod_southeastasia_prod-s01-065-apac-southeastasia", "migrationStage":"NotStarted", "server":"akswtt000000022"}}
{"logTime": "0522/084516", "correlationVector":"GV/bT2KW8gBhQll8SS4K9t.2","action":"ProcessGetUpdates", "result":"Done", "context":{"dataType":"Autofill Profiles", "deleted":"3", "process_failed_to_decrypt":"0", "process_pending_decryption":"0", "process_success":"3", "total":"3"}}
{"logTime": "0522/084516", "correlationVector":"GV/bT2KW8gBhQll8SS4K9t.3","action":"ProcessGetUpdates", "result":"Done", "context":{"dataType":"Autofill", "deleted":"0", "process_failed_to_decrypt":"0", "process_pending_decryption":"0", "process_success":"1", "total":"1"}}
{"logTime": "0522/084516", "correlationVector":"GV/bT2KW8gBhQll8SS4K9t.4","action":"ProcessGetUpdates", "result":"Done", "context":{"dataType":"Sessions", "deleted":"7", "process_failed_to_decrypt":"0", "process_pending_decryption":"0", "process_success":"13", "total":"13"}}
{"logTime": "0522/084516", "correlationVector":"GV/bT2KW8gBhQll8SS4K9t.5","action":"ProcessGetUpdates", "result":"Done", "context":{"dataType":"Edge Hub App Usage", "deleted":"0", "process_failed_to_decrypt":"0", "process_pending_decryption":"0", "process_success":"1", "total":"1"}}
{"logTime": "0522/084516", "correlationVector":"GV/bT2KW8gBhQll8SS4K9t.6","action":"GetUpdates Response", "result":"Success", "context":Received 18 update(s). cV=GV/bT2KW8gBhQll8SS4K9t.0;server=akswtt000000022;cloudType=Consumer;environment=Prod_southeastasia_prod-s01-065-apac-southeastasia;migrationStage=NotStarted}
{"logTime": "0522/084516", "correlationVector":"4HsUYiWsf30rXuZEPilFcy","action":"Initial GetUpdates", "result":"", "context":Reason: NEWLY_SUPPORTED_DATATYPE. cV=4HsUYiWsf30rXuZEPilFcy}
{"logTime": "0522/084517", "correlationVector":"4HsUYiWsf30rXuZEPilFcy.1","action":"SyncServerConnectionManagerRequest", "result":"SYNC_SERVER_OK", "context":{"environment":"Prod_southeastasia_prod-s01-065-apac-southeastasia", "migrationStage":"NotStarted", "server":"akswtt00000001p"}}
{"logTime": "0522/084517", "correlationVector":"4HsUYiWsf30rXuZEPilFcy.2","action":"ProcessGetUpdates", "result":"Done", "context":{"dataType":"History", "deleted":"0", "process_failed_to_decrypt":"0", "process_pending_decryption":"0", "process_success":"25", "total":"25"}}
{"logTime": "0522/084517", "correlationVector":"4HsUYiWsf30rXuZEPilFcy.3","action":"GetUpdates Response", "result":"Success", "context":Received 25 update(s). cV=4HsUYiWsf30rXuZEPilFcy.0;server=akswtt00000001p;cloudType=Consumer;environment=Prod_southeastasia_prod-s01-065-apac-southeastasia;migrationStage=NotStarted}
{"logTime": "0522/084517", "correlationVector":"bAE69Det5I9D8Z0FTMtonf","action":"Normal GetUpdate request", "result":"", "context":cV=bAE69Det5I9D8Z0FTMtonf
Nudged types: Preferences, Passwords, Sessions, Device Info
Refresh requested types: Bookmarks, Preferences, Passwords, Autofill Profiles, Autofill, Extensions, Sessions, Extension settings, History Delete Directives, Device Info, User Consents, Send Tab To Self, Web Apps, History, Saved Tab Group, WebAuthn Credentials, Collection, Edge E Drop, Edge Hub App Usage, Edge Wallet, Edge Workspace, Encryption Keys}
{"logTime": "0522/084518", "correlationVector":"bAE69Det5I9D8Z0FTMtonf.1","action":"SyncServerConnectionManagerRequest", "result":"SYNC_SERVER_OK", "context":{"environment":"Prod_southeastasia_prod-s01-065-apac-southeastasia", "migrationStage":"NotStarted", "server":"akswtt000000008"}}
{"logTime": "0522/084518", "correlationVector":"bAE69Det5I9D8Z0FTMtonf.2","action":"GetUpdates Response", "result":"Success", "context":Received 0 update(s). cV=bAE69Det5I9D8Z0FTMtonf.0;server=akswtt000000008;cloudType=Consumer;environment=Prod_southeastasia_prod-s01-065-apac-southeastasia;migrationStage=NotStarted}
{"logTime": "0522/084518", "correlationVector":"GcIvI2mupJAMG2IcnQ3WbP","action":"Commit Request", "result":"", "context":Item count: 5
Contributing types: Preferences, Passwords, Sessions, Device Info}
{"logTime": "0522/084519", "correlationVector":"GcIvI2mupJAMG2IcnQ3WbP.1","action":"SyncServerConnectionManagerRequest", "result":"SYNC_SERVER_OK", "context":{"environment":"Prod_southeastasia_prod-s01-065-apac-southeastasia", "migrationStage":"NotStarted", "server":"akswtt00000001k"}}
{"logTime": "0522/084519", "correlationVector":"GcIvI2mupJAMG2IcnQ3WbP.2","action":"Commit Response", "result":"Success", "context":Result: Success. cV=GcIvI2mupJAMG2IcnQ3WbP.0;server=akswtt00000001k;cloudType=Consumer;environment=Prod_southeastasia_prod-s01-065-apac-southeastasia;migrationStage=NotStarted}
{"logTime": "0522/084557", "correlationVector":"1yohId4CSt9vMg2McSHOiM","action":"Commit Request", "result":"", "context":Item count: 3
Contributing types: Preferences, Sessions, History}
{"logTime": "0522/084558", "correlationVector":"1yohId4CSt9vMg2McSHOiM.1","action":"SyncServerConnectionManagerRequest", "result":"SYNC_SERVER_OK", "context":{"environment":"Prod_southeastasia_prod-s01-065-apac-southeastasia", "migrationStage":"NotStarted", "server":"akswtt00000000a"}}
{"logTime": "0522/084558", "correlationVector":"1yohId4CSt9vMg2McSHOiM.2","action":"Commit Response", "result":"Success", "context":Result: Success. cV=1yohId4CSt9vMg2McSHOiM.0;server=akswtt00000000a;cloudType=Consumer;environment=Prod_southeastasia_prod-s01-065-apac-southeastasia;migrationStage=NotStarted}
{"logTime": "0522/084601", "correlationVector":"vIWjOkoysmNQoKSbyFeYN0","action":"Commit Request", "result":"", "context":Item count: 1
Contributing types: Preferences}
{"logTime": "0522/084601", "correlationVector":"vIWjOkoysmNQoKSbyFeYN0.1","action":"SyncServerConnectionManagerRequest", "result":"SYNC_SERVER_OK", "context":{"environment":"Prod_southeastasia_prod-s01-065-apac-southeastasia", "migrationStage":"NotStarted", "server":"akswtt000000020"}}
{"logTime": "0522/084601", "correlationVector":"vIWjOkoysmNQoKSbyFeYN0.3","action":"Commit.Preferences", "result":"Success", "context":{"id":"d5bce6ff-c5d6-4e24-988d-87b9c8e25851", "isDeleted":"true", "size":"0", "version":"1779439557937"}}
{"logTime": "0522/084601", "correlationVector":"vIWjOkoysmNQoKSbyFeYN0.2","action":"Commit Response", "result":"Success", "context":Result: Success. cV=vIWjOkoysmNQoKSbyFeYN0.0;server=akswtt000000020;cloudType=Consumer;environment=Prod_southeastasia_prod-s01-065-apac-southeastasia;migrationStage=NotStarted}
{"logTime": "0522/085845", "correlationVector":"wz3xFGUnc6O+rNl0Tzos0J.1","action":"SyncServerConnectionManagerRequest", "result":"SYNC_SERVER_OK", "context":{"environment":"Prod_southindia_prod-s01-004-apac-southindia", "migrationStage":"NotStarted", "server":"akswtt10400002y"}}
{"logTime": "0522/085845", "correlationVector":"wz3xFGUnc6O+rNl0Tzos0J.2","action":"ProcessGetUpdates", "result":"Done", "context":{"dataType":"Encryption Keys", "deleted":"0", "process_failed_to_decrypt":"0", "process_pending_decryption":"0", "process_success":"1", "total":"1"}}
{"logTime": "0522/085846", "correlationVector":"Rq5QzdE5QTbf/Zp6OgqiiF","action":"SyncServerConnectionManagerRequest", "result":"SYNC_SERVER_OK", "context":{"environment":"", "migrationStage":"", "server":""}}
{"logTime": "0522/085846", "correlationVector":"Rq5QzdE5QTbf/Zp6OgqiiF.0","action":"EncryptionKeysFetcher.DownloadKeys:", "result":"Success", "context":Key count: 9, Last key timestamp: 2026-05-21T11:50:30Z}
{"logTime": "0522/085846", "correlationVector":"Rq5QzdE5QTbf/Zp6OgqiiF.1","action":"EncryptionKeysManager::SetEncryptionKeys:", "result":"Success", "context":Key names[9]:[fydPPcFQ6ZPqfIa/ghItmWrmguHSVATv1OQZHzfEacQaWk4Xbt5DonGV9etiHHXvLcT3Wnqu2CEmGxcqphdyiw==][gLTCB1guXl/3nrye5CajdlInojF5BRCZgEWeqViAw8yYFaSkijxpSzHZ43iC6r1KF+HRzZyumuEJ/fgEqOgnVA==][cFmbgCMHNIZ/8EYWHYUZwXn2BdhsIsKBu2X+HdV8haXmlq2TY0VWsR/I5QGt72e0oOeVjIwdjy4GefGrQ5Kpwg==][YAmLiZWeN8hGU4h3kyDok8hL5kLjHDKYQUAD+dFXTaeKvcXYA2oJuWVCU7SUNX8DQNJ8w3Fspx3oSCzz5coGEQ==][HTADftgssfq9vDHnXyOZOIZMPB+pPgtuuWUR11PXrYljNkZxeHuwYLa4f2QqllzhQikyHrdTrZvELC5zwbZcWg==][A8Z7/eoDljnjQ7Ifg6SwQ10zdY0PNLjN8OtxFahZbSAQtzSjoDiKSAy2z0mH7zpxhgDS8c5wNXadq36dwH+mBw==][Ync/2/j+oY+sL2QWv44nfHrkbPBYsfbrsdhB2Q9uZDKiZFl4icwEV8Ogs2lKhq7W66csz442PRZghxd86glRPA==][/RK8NdVkeL0p0bULS/nxPnvLUmmaLmkO9U/e/7P6izzP//lHAS5TO/Mp2GbcvWsfJCfyhy8fD94Nzp6a/Gw5Kg==][MSDbRflDvdxcxnGZlcYAZ9lxQa20ShFV1vPXaSnaRpgx6zGDkc4a8elEpHx45yir6t8H08s9fWfRpEij4fXwMw==]}
{"logTime": "0522/085846", "correlationVector":"Rq5QzdE5QTbf/Zp6OgqiiF.2","action":"EncryptionKeysManager::SetEncryptionKeysWithTimestamps:", "result":"Success", "context":Key timestamps[9]:[2021-07-04T06:07:06Z][2022-01-01T10:49:59Z][2022-07-01T15:42:42Z][2022-12-29T09:13:53Z][2023-06-27T11:25:04Z][2023-12-28T00:34:31Z][2024-06-29T03:14:36Z][2024-12-28T16:06:29Z][2026-05-21T11:50:30Z]}
{"logTime": "0522/085846", "correlationVector":"wz3xFGUnc6O+rNl0Tzos0J","action":"Initial GetUpdates", "result":"", "context":Reason: NEW_CLIENT. cV=wz3xFGUnc6O+rNl0Tzos0J}
{"logTime": "0522/085846", "correlationVector":"wz3xFGUnc6O+rNl0Tzos0J.3","action":"GetUpdates Response", "result":"Success", "context":Received 1 update(s). cV=wz3xFGUnc6O+rNl0Tzos0J.0;server=akswtt10400002y;cloudType=Consumer;environment=Prod_southindia_prod-s01-004-apac-southindia;migrationStage=NotStarted}
{"logTime": "0522/085846", "correlationVector":"nZQd7STeTyysixRlR9Pmom","action":"Initial GetUpdates", "result":"", "context":Reason: NEWLY_SUPPORTED_DATATYPE. cV=nZQd7STeTyysixRlR9Pmom}
{"logTime": "0522/085846", "correlationVector":"nZQd7STeTyysixRlR9Pmom.1","action":"SyncServerConnectionManagerRequest", "result":"SYNC_SERVER_OK", "context":{"environment":"Prod_southindia_prod-s01-004-apac-southindia", "migrationStage":"NotStarted", "server":"akswtt104000001"}}
{"logTime": "0522/085846", "correlationVector":"nZQd7STeTyysixRlR9Pmom.2","action":"ProcessGetUpdates", "result":"Done", "context":{"dataType":"Passwords", "deleted":"0", "process_failed_to_decrypt":"0", "process_pending_decryption":"0", "process_success":"2", "total":"2"}}
{"logTime": "0522/085846", "correlationVector":"nZQd7STeTyysixRlR9Pmom.3","action":"GetUpdates Response", "result":"Success", "context":Received 2 update(s). cV=nZQd7STeTyysixRlR9Pmom.0;server=akswtt104000001;cloudType=Consumer;environment=Prod_southindia_prod-s01-004-apac-southindia;migrationStage=NotStarted}
{"logTime": "0522/085846", "correlationVector":"1VaJqX7qUaLuK1655buRQo","action":"Normal GetUpdate request", "result":"", "context":cV=1VaJqX7qUaLuK1655buRQo
Nudged types: Sessions, History
Refresh requested types: Bookmarks, Preferences, Passwords, Autofill Profiles, Autofill, Extensions, Sessions, Extension settings, History Delete Directives, Device Info, User Consents, Send Tab To Self, Web Apps, History, Saved Tab Group, WebAuthn Credentials, Collection, Edge E Drop, Edge Hub App Usage, Edge Wallet, Edge Workspace, Encryption Keys}
{"logTime": "0522/085847", "correlationVector":"1VaJqX7qUaLuK1655buRQo.1","action":"SyncServerConnectionManagerRequest", "result":"SYNC_SERVER_OK", "context":{"environment":"Prod_southindia_prod-s01-004-apac-southindia", "migrationStage":"NotStarted", "server":"akswtt104000011"}}
{"logTime": "0522/085847", "correlationVector":"1VaJqX7qUaLuK1655buRQo.2","action":"ProcessGetUpdates", "result":"Done", "context":{"dataType":"Preferences", "deleted":"1", "process_failed_to_decrypt":"0", "process_pending_decryption":"0", "process_success":"2", "total":"2"}}
{"logTime": "0522/085847", "correlationVector":"1VaJqX7qUaLuK1655buRQo.3","action":"ProcessGetUpdates", "result":"Done", "context":{"dataType":"Sessions", "deleted":"0", "process_failed_to_decrypt":"0", "process_pending_decryption":"0", "process_success":"2", "total":"2"}}
{"logTime": "0522/085847", "correlationVector":"1VaJqX7qUaLuK1655buRQo.4","action":"ProcessGetUpdates", "result":"Done", "context":{"dataType":"Device Info", "deleted":"0", "process_failed_to_decrypt":"0", "process_pending_decryption":"0", "process_success":"1", "total":"1"}}
{"logTime": "0522/085847", "correlationVector":"1VaJqX7qUaLuK1655buRQo.5","action":"ProcessGetUpdates", "result":"Done", "context":{"dataType":"History", "deleted":"0", "process_failed_to_decrypt":"0", "process_pending_decryption":"0", "process_success":"1", "total":"1"}}
{"logTime": "0522/085847", "correlationVector":"1VaJqX7qUaLuK1655buRQo.6","action":"GetUpdates Response", "result":"Success", "context":Received 6 update(s). cV=1VaJqX7qUaLuK1655buRQo.0;server=akswtt104000011;cloudType=Consumer;environment=Prod_southindia_prod-s01-004-apac-southindia;migrationStage=NotStarted}
{"logTime": "0522/085847", "correlationVector":"4ojW9cqG9qO5wp+PL16qen","action":"Commit Request", "result":"", "context":Item count: 6
Contributing types: Preferences, Passwords, Sessions, History}
{"logTime": "0522/085849", "correlationVector":"4ojW9cqG9qO5wp+PL16qen.1","action":"SyncServerConnectionManagerRequest", "result":"SYNC_SERVER_OK", "context":{"environment":"Prod_southindia_prod-s01-004-apac-southindia", "migrationStage":"NotStarted", "server":"akswtt10400000b"}}
{"logTime": "0522/085849", "correlationVector":"4ojW9cqG9qO5wp+PL16qen.2","action":"Commit Response", "result":"Success", "context":Result: Success. cV=4ojW9cqG9qO5wp+PL16qen.0;server=akswtt10400000b;cloudType=Consumer;environment=Prod_southindia_prod-s01-004-apac-southindia;migrationStage=NotStarted}
{"logTime": "0522/085849", "correlationVector":"4ojW9cqG9qO5wp+PL16qen.3","action":"Commit.Sessions", "result":"Success", "context":{"id":"8735778e-c02b-4864-9f7e-875f7bf2f440", "isDeleted":"true", "size":"0", "version":"1779439557938"}}
{"logTime": "0522/085934", "correlationVector":"xyKaqdzkRxuMp3Zo+VPyd9","action":"Commit Request", "result":"", "context":Item count: 2
Contributing types: Sessions, History}
{"logTime": "0522/085935", "correlationVector":"xyKaqdzkRxuMp3Zo+VPyd9.1","action":"SyncServerConnectionManagerRequest", "result":"SYNC_SERVER_OK", "context":{"environment":"Prod_southindia_prod-s01-004-apac-southindia", "migrationStage":"NotStarted", "server":"akswtt10400002n"}}
{"logTime": "0522/085935", "correlationVector":"xyKaqdzkRxuMp3Zo+VPyd9.2","action":"Commit Response", "result":"Success", "context":Result: Success. cV=xyKaqdzkRxuMp3Zo+VPyd9.0;server=akswtt10400002n;cloudType=Consumer;environment=Prod_southindia_prod-s01-004-apac-southindia;migrationStage=NotStarted}
{"logTime": "0522/090859", "correlationVector":"2gAJBtFNDFdOXm8xK++f1U.1","action":"SyncServerConnectionManagerRequest", "result":"SYNC_SERVER_OK", "context":{"environment":"Prod_southindia_prod-s01-004-apac-southindia", "migrationStage":"NotStarted", "server":"akswtt10400002w"}}
{"logTime": "0522/090859", "correlationVector":"2gAJBtFNDFdOXm8xK++f1U.2","action":"ProcessGetUpdates", "result":"Done", "context":{"dataType":"Encryption Keys", "deleted":"0", "process_failed_to_decrypt":"0", "process_pending_decryption":"0", "process_success":"1", "total":"1"}}
{"logTime": "0522/090859", "correlationVector":"oJa5HuEkyE8Fgt2npmN5B7","action":"SyncServerConnectionManagerRequest", "result":"SYNC_SERVER_OK", "context":{"environment":"", "migrationStage":"", "server":""}}
{"logTime": "0522/090859", "correlationVector":"oJa5HuEkyE8Fgt2npmN5B7.0","action":"EncryptionKeysFetcher.DownloadKeys:", "result":"Success", "context":Key count: 9, Last key timestamp: 2026-05-21T11:50:30Z}
{"logTime": "0522/090859", "correlationVector":"oJa5HuEkyE8Fgt2npmN5B7.1","action":"EncryptionKeysManager::SetEncryptionKeys:", "result":"Success", "context":Key names[9]:[fydPPcFQ6ZPqfIa/ghItmWrmguHSVATv1OQZHzfEacQaWk4Xbt5DonGV9etiHHXvLcT3Wnqu2CEmGxcqphdyiw==][gLTCB1guXl/3nrye5CajdlInojF5BRCZgEWeqViAw8yYFaSkijxpSzHZ43iC6r1KF+HRzZyumuEJ/fgEqOgnVA==][cFmbgCMHNIZ/8EYWHYUZwXn2BdhsIsKBu2X+HdV8haXmlq2TY0VWsR/I5QGt72e0oOeVjIwdjy4GefGrQ5Kpwg==][YAmLiZWeN8hGU4h3kyDok8hL5kLjHDKYQUAD+dFXTaeKvcXYA2oJuWVCU7SUNX8DQNJ8w3Fspx3oSCzz5coGEQ==][HTADftgssfq9vDHnXyOZOIZMPB+pPgtuuWUR11PXrYljNkZxeHuwYLa4f2QqllzhQikyHrdTrZvELC5zwbZcWg==][A8Z7/eoDljnjQ7Ifg6SwQ10zdY0PNLjN8OtxFahZbSAQtzSjoDiKSAy2z0mH7zpxhgDS8c5wNXadq36dwH+mBw==][Ync/2/j+oY+sL2QWv44nfHrkbPBYsfbrsdhB2Q9uZDKiZFl4icwEV8Ogs2lKhq7W66csz442PRZghxd86glRPA==][/RK8NdVkeL0p0bULS/nxPnvLUmmaLmkO9U/e/7P6izzP//lHAS5TO/Mp2GbcvWsfJCfyhy8fD94Nzp6a/Gw5Kg==][MSDbRflDvdxcxnGZlcYAZ9lxQa20ShFV1vPXaSnaRpgx6zGDkc4a8elEpHx45yir6t8H08s9fWfRpEij4fXwMw==]}
{"logTime": "0522/090859", "correlationVector":"oJa5HuEkyE8Fgt2npmN5B7.2","action":"EncryptionKeysManager::SetEncryptionKeysWithTimestamps:", "result":"Success", "context":Key timestamps[9]:[2021-07-04T06:07:06Z][2022-01-01T10:49:59Z][2022-07-01T15:42:42Z][2022-12-29T09:13:53Z][2023-06-27T11:25:04Z][2023-12-28T00:34:31Z][2024-06-29T03:14:36Z][2024-12-28T16:06:29Z][2026-05-21T11:50:30Z]}
{"logTime": "0522/090859", "correlationVector":"2gAJBtFNDFdOXm8xK++f1U","action":"Initial GetUpdates", "result":"", "context":Reason: NEW_CLIENT. cV=2gAJBtFNDFdOXm8xK++f1U}
{"logTime": "0522/090859", "correlationVector":"2gAJBtFNDFdOXm8xK++f1U.3","action":"GetUpdates Response", "result":"Success", "context":Received 1 update(s). cV=2gAJBtFNDFdOXm8xK++f1U.0;server=akswtt10400002w;cloudType=Consumer;environment=Prod_southindia_prod-s01-004-apac-southindia;migrationStage=NotStarted}
{"logTime": "0522/090859", "correlationVector":"AQIwSQfLI1JBv/XZ5NGgBT","action":"Initial GetUpdates", "result":"", "context":Reason: NEWLY_SUPPORTED_DATATYPE. cV=AQIwSQfLI1JBv/XZ5NGgBT}
{"logTime": "0522/090900", "correlationVector":"AQIwSQfLI1JBv/XZ5NGgBT.1","action":"SyncServerConnectionManagerRequest", "result":"SYNC_SERVER_OK", "context":{"environment":"Prod_southindia_prod-s01-004-apac-southindia", "migrationStage":"NotStarted", "server":"akswtt10400000y"}}
{"logTime": "0522/090900", "correlationVector":"AQIwSQfLI1JBv/XZ5NGgBT.2","action":"ProcessGetUpdates", "result":"Done", "context":{"dataType":"Preferences", "deleted":"4", "process_failed_to_decrypt":"0", "process_pending_decryption":"0", "process_success":"72", "total":"72"}}
{"logTime": "0522/090900", "correlationVector":"AQIwSQfLI1JBv/XZ5NGgBT.3","action":"ProcessGetUpdates", "result":"Done", "context":{"dataType":"Passwords", "deleted":"0", "process_failed_to_decrypt":"0", "process_pending_decryption":"0", "process_success":"2", "total":"2"}}
{"logTime": "0522/090900", "correlationVector":"AQIwSQfLI1JBv/XZ5NGgBT.4","action":"ProcessGetUpdates", "result":"Done", "context":{"dataType":"Device Info", "deleted":"0", "process_failed_to_decrypt":"0", "process_pending_decryption":"0", "process_success":"9", "total":"9"}}
{"logTime": "0522/090900", "correlationVector":"AQIwSQfLI1JBv/XZ5NGgBT.5","action":"GetUpdates Response", "result":"Success", "context":Received 83 update(s). cV=AQIwSQfLI1JBv/XZ5NGgBT.0;server=akswtt10400000y;cloudType=Consumer;environment=Prod_southindia_prod-s01-004-apac-southindia;migrationStage=NotStarted}
{"logTime": "0522/090900", "correlationVector":"YLTF+lI8vLJYqeUjBDRLTl","action":"Initial GetUpdates", "result":"", "context":Reason: NEWLY_SUPPORTED_DATATYPE. cV=YLTF+lI8vLJYqeUjBDRLTl}
{"logTime": "0522/090901", "correlationVector":"YLTF+lI8vLJYqeUjBDRLTl.1","action":"SyncServerConnectionManagerRequest", "result":"SYNC_SERVER_OK", "context":{"environment":"Prod_southindia_prod-s01-004-apac-southindia", "migrationStage":"NotStarted", "server":"akswtt10400002z"}}
{"logTime": "0522/090901", "correlationVector":"YLTF+lI8vLJYqeUjBDRLTl.2","action":"ProcessGetUpdates", "result":"Done", "context":{"dataType":"Bookmarks", "deleted":"0", "process_failed_to_decrypt":"0", "process_pending_decryption":"0", "process_success":"9", "total":"9"}}
{"logTime": "0522/090901", "correlationVector":"YLTF+lI8vLJYqeUjBDRLTl.3","action":"GetUpdates Response", "result":"Success", "context":Received 9 update(s). cV=YLTF+lI8vLJYqeUjBDRLTl.0;server=akswtt10400002z;cloudType=Consumer;environment=Prod_southindia_prod-s01-004-apac-southindia;migrationStage=NotStarted}
{"logTime": "0522/090901", "correlationVector":"BpIiBv6NkvEX3ZXqSAqI3a","action":"Initial GetUpdates", "result":"", "context":Reason: NEWLY_SUPPORTED_DATATYPE. cV=BpIiBv6NkvEX3ZXqSAqI3a}
{"logTime": "0522/090902", "correlationVector":"BpIiBv6NkvEX3ZXqSAqI3a.1","action":"SyncServerConnectionManagerRequest", "result":"SYNC_SERVER_OK", "context":{"environment":"Prod_southindia_prod-s01-004-apac-southindia", "migrationStage":"NotStarted", "server":"akswtt10400000m"}}
{"logTime": "0522/090902", "correlationVector":"BpIiBv6NkvEX3ZXqSAqI3a.2","action":"ProcessGetUpdates", "result":"Done", "context":{"dataType":"Autofill Profiles", "deleted":"3", "process_failed_to_decrypt":"0", "process_pending_decryption":"0", "process_success":"3", "total":"3"}}
{"logTime": "0522/090902", "correlationVector":"BpIiBv6NkvEX3ZXqSAqI3a.3","action":"ProcessGetUpdates", "result":"Done", "context":{"dataType":"Autofill", "deleted":"0", "process_failed_to_decrypt":"0", "process_pending_decryption":"0", "process_success":"1", "total":"1"}}
{"logTime": "0522/090902", "correlationVector":"BpIiBv6NkvEX3ZXqSAqI3a.4","action":"ProcessGetUpdates", "result":"Done", "context":{"dataType":"Sessions", "deleted":"8", "process_failed_to_decrypt":"0", "process_pending_decryption":"0", "process_success":"13", "total":"13"}}
{"logTime": "0522/090902", "correlationVector":"BpIiBv6NkvEX3ZXqSAqI3a.5","action":"ProcessGetUpdates", "result":"Done", "context":{"dataType":"Edge Hub App Usage", "deleted":"0", "process_failed_to_decrypt":"0", "process_pending_decryption":"0", "process_success":"1", "total":"1"}}
{"logTime": "0522/090902", "correlationVector":"BpIiBv6NkvEX3ZXqSAqI3a.6","action":"GetUpdates Response", "result":"Success", "context":Received 18 update(s). cV=BpIiBv6NkvEX3ZXqSAqI3a.0;server=akswtt10400000m;cloudType=Consumer;environment=Prod_southindia_prod-s01-004-apac-southindia;migrationStage=NotStarted}
{"logTime": "0522/090902", "correlationVector":"5Hx1NsspVjr7mCexZ9VuP0","action":"Initial GetUpdates", "result":"", "context":Reason: NEWLY_SUPPORTED_DATATYPE. cV=5Hx1NsspVjr7mCexZ9VuP0}
{"logTime": "0522/090903", "correlationVector":"5Hx1NsspVjr7mCexZ9VuP0.1","action":"SyncServerConnectionManagerRequest", "result":"SYNC_SERVER_OK", "context":{"environment":"Prod_southindia_prod-s01-004-apac-southindia", "migrationStage":"NotStarted", "server":"akswtt104000006"}}
{"logTime": "0522/090903", "correlationVector":"5Hx1NsspVjr7mCexZ9VuP0.2","action":"ProcessGetUpdates", "result":"Done", "context":{"dataType":"History", "deleted":"0", "process_failed_to_decrypt":"0", "process_pending_decryption":"0", "process_success":"27", "total":"27"}}
{"logTime": "0522/090903", "correlationVector":"5Hx1NsspVjr7mCexZ9VuP0.3","action":"GetUpdates Response", "result":"Success", "context":Received 27 update(s). cV=5Hx1NsspVjr7mCexZ9VuP0.0;server=akswtt104000006;cloudType=Consumer;environment=Prod_southindia_prod-s01-004-apac-southindia;migrationStage=NotStarted}
{"logTime": "0522/090903", "correlationVector":"ay1udhQc+TQIy7DSTIchh3","action":"Normal GetUpdate request", "result":"", "context":cV=ay1udhQc+TQIy7DSTIchh3
Nudged types: Preferences, Passwords, Sessions, Device Info
Refresh requested types: Bookmarks, Preferences, Passwords, Autofill Profiles, Autofill, Extensions, Sessions, Extension settings, History Delete Directives, Device Info, User Consents, Send Tab To Self, Web Apps, History, Saved Tab Group, WebAuthn Credentials, Collection, Edge E Drop, Edge Hub App Usage, Edge Wallet, Edge Workspace, Encryption Keys}
{"logTime": "0522/090903", "correlationVector":"ay1udhQc+TQIy7DSTIchh3.1","action":"SyncServerConnectionManagerRequest", "result":"SYNC_SERVER_OK", "context":{"environment":"Prod_southindia_prod-s01-004-apac-southindia", "migrationStage":"NotStarted", "server":"akswtt104000006"}}
{"logTime": "0522/090903", "correlationVector":"ay1udhQc+TQIy7DSTIchh3.2","action":"GetUpdates Response", "result":"Success", "context":Received 0 update(s). cV=ay1udhQc+TQIy7DSTIchh3.0;server=akswtt104000006;cloudType=Consumer;environment=Prod_southindia_prod-s01-004-apac-southindia;migrationStage=NotStarted}
{"logTime": "0522/090903", "correlationVector":"2RfcMRqRgVqXxUPh4GmW9m","action":"Commit Request", "result":"", "context":Item count: 5
Contributing types: Preferences, Passwords, Sessions, Device Info}
{"logTime": "0522/090905", "correlationVector":"2RfcMRqRgVqXxUPh4GmW9m.1","action":"SyncServerConnectionManagerRequest", "result":"SYNC_SERVER_OK", "context":{"environment":"Prod_southindia_prod-s01-004-apac-southindia", "migrationStage":"NotStarted", "server":"akswtt10400002v"}}
{"logTime": "0522/090905", "correlationVector":"2RfcMRqRgVqXxUPh4GmW9m.2","action":"Commit Response", "result":"Success", "context":Result: Success. cV=2RfcMRqRgVqXxUPh4GmW9m.0;server=akswtt10400002v;cloudType=Consumer;environment=Prod_southindia_prod-s01-004-apac-southindia;migrationStage=NotStarted}
{"logTime": "0522/091100", "correlationVector":"djbXCxTZCUJWQXQxi4HnFr","action":"Commit Request", "result":"", "context":Item count: 1
Contributing types: Sessions}
{"logTime": "0522/091102", "correlationVector":"djbXCxTZCUJWQXQxi4HnFr.1","action":"SyncServerConnectionManagerRequest", "result":"SYNC_SERVER_OK", "context":{"environment":"Prod_southindia_prod-s01-004-apac-southindia", "migrationStage":"NotStarted", "server":"akswtt10400002n"}}
{"logTime": "0522/091102", "correlationVector":"djbXCxTZCUJWQXQxi4HnFr.2","action":"Commit Response", "result":"Success", "context":Result: Success. cV=djbXCxTZCUJWQXQxi4HnFr.0;server=akswtt10400002n;cloudType=Consumer;environment=Prod_southindia_prod-s01-004-apac-southindia;migrationStage=NotStarted}
{"logTime": "0522/092348", "correlationVector":"ni73uUc0rFIvCTKvOb6t2D.1","action":"SyncServerConnectionManagerRequest", "result":"SYNC_SERVER_OK", "context":{"environment":"Prod_southindia_prod-s01-004-apac-southindia", "migrationStage":"NotStarted", "server":"akswtt10400002y"}}
{"logTime": "0522/092348", "correlationVector":"ni73uUc0rFIvCTKvOb6t2D.2","action":"ProcessGetUpdates", "result":"Done", "context":{"dataType":"Encryption Keys", "deleted":"0", "process_failed_to_decrypt":"0", "process_pending_decryption":"0", "process_success":"1", "total":"1"}}
{"logTime": "0522/092348", "correlationVector":"0iXil3j76bLuYGb14duz2k","action":"SyncServerConnectionManagerRequest", "result":"SYNC_SERVER_ERROR", "context":{"environment":"", "error_type":"http_status_code", "error_value":"400", "migrationStage":"", "server":""}}
{"logTime": "0522/092348", "correlationVector":"ni73uUc0rFIvCTKvOb6t2D","action":"Initial GetUpdates", "result":"", "context":Reason: NEW_CLIENT. cV=ni73uUc0rFIvCTKvOb6t2D}
{"logTime": "0522/092348", "correlationVector":"ni73uUc0rFIvCTKvOb6t2D.3","action":"GetUpdates Response", "result":"Success", "context":Received 1 update(s). cV=ni73uUc0rFIvCTKvOb6t2D.0;server=akswtt10400002y;cloudType=Consumer;environment=Prod_southindia_prod-s01-004-apac-southindia;migrationStage=NotStarted}
{"logTime": "0522/092348", "correlationVector":"E9HKS/uOookQn1yCOtwGfp","action":"Normal GetUpdate request", "result":"", "context":cV=E9HKS/uOookQn1yCOtwGfp
Nudged types: Sessions, History
Refresh requested types: Bookmarks, Preferences, Extensions, Sessions, Extension settings, History Delete Directives, Device Info, User Consents, Send Tab To Self, Web Apps, History, Saved Tab Group, WebAuthn Credentials, Collection, Edge E Drop, Edge Hub App Usage, Edge Wallet, Edge Workspace, Encryption Keys}
{"logTime": "0522/092349", "correlationVector":"E9HKS/uOookQn1yCOtwGfp.1","action":"SyncServerConnectionManagerRequest", "result":"SYNC_SERVER_OK", "context":{"environment":"Prod_southindia_prod-s01-004-apac-southindia", "migrationStage":"NotStarted", "server":"akswtt10400000v"}}
{"logTime": "0522/092349", "correlationVector":"E9HKS/uOookQn1yCOtwGfp.2","action":"ProcessGetUpdates", "result":"Done", "context":{"dataType":"Preferences", "deleted":"0", "process_failed_to_decrypt":"0", "process_pending_decryption":"0", "process_success":"1", "total":"1"}}
{"logTime": "0522/092349", "correlationVector":"E9HKS/uOookQn1yCOtwGfp.3","action":"ProcessGetUpdates", "result":"Done", "context":{"dataType":"Sessions", "deleted":"0", "process_failed_to_decrypt":"0", "process_pending_decryption":"0", "process_success":"2", "total":"2"}}
{"logTime": "0522/092349", "correlationVector":"E9HKS/uOookQn1yCOtwGfp.4","action":"ProcessGetUpdates", "result":"Done", "context":{"dataType":"Device Info", "deleted":"0", "process_failed_to_decrypt":"0", "process_pending_decryption":"0", "process_success":"1", "total":"1"}}
{"logTime": "0522/092349", "correlationVector":"E9HKS/uOookQn1yCOtwGfp.5","action":"ProcessGetUpdates", "result":"Done", "context":{"dataType":"History", "deleted":"0", "process_failed_to_decrypt":"0", "process_pending_decryption":"0", "process_success":"8", "total":"8"}}
{"logTime": "0522/092349", "correlationVector":"E9HKS/uOookQn1yCOtwGfp.6","action":"GetUpdates Response", "result":"Success", "context":Received 12 update(s). cV=E9HKS/uOookQn1yCOtwGfp.0;server=akswtt10400000v;cloudType=Consumer;environment=Prod_southindia_prod-s01-004-apac-southindia;migrationStage=NotStarted}
{"logTime": "0522/092349", "correlationVector":"bRd6IaMD/sI3mXewunmb0k","action":"Commit Request", "result":"", "context":Item count: 1
Contributing types: History}
{"logTime": "0522/092350", "correlationVector":"bRd6IaMD/sI3mXewunmb0k.1","action":"SyncServerConnectionManagerRequest", "result":"SYNC_SERVER_OK", "context":{"environment":"Prod_southindia_prod-s01-004-apac-southindia", "migrationStage":"NotStarted", "server":"akswtt10400002z"}}
{"logTime": "0522/092350", "correlationVector":"bRd6IaMD/sI3mXewunmb0k.2","action":"Commit Response", "result":"Success", "context":Result: Success. cV=bRd6IaMD/sI3mXewunmb0k.0;server=akswtt10400002z;cloudType=Consumer;environment=Prod_southindia_prod-s01-004-apac-southindia;migrationStage=NotStarted}
{"logTime": "0522/092351", "correlationVector":"jKV8O1f25WDWVAJ+fBBcYH","action":"SyncServerConnectionManagerRequest", "result":"SYNC_SERVER_ERROR", "context":{"environment":"", "error_type":"http_status_code", "error_value":"400", "migrationStage":"", "server":""}}
{"logTime": "0522/092351", "correlationVector":"WWoBZeEqn+4jor4M8dxRZj","action":"Normal GetUpdate request", "result":"", "context":cV=WWoBZeEqn+4jor4M8dxRZj
Nudged types: Sessions, History
Refresh requested types: Encryption Keys}
{"logTime": "0522/092352", "correlationVector":"WWoBZeEqn+4jor4M8dxRZj.1","action":"SyncServerConnectionManagerRequest", "result":"SYNC_SERVER_OK", "context":{"environment":"Prod_southindia_prod-s01-004-apac-southindia", "migrationStage":"NotStarted", "server":"akswtt10400002u"}}
{"logTime": "0522/092352", "correlationVector":"WWoBZeEqn+4jor4M8dxRZj.2","action":"ProcessGetUpdates", "result":"Done", "context":{"dataType":"History", "deleted":"0", "process_failed_to_decrypt":"0", "process_pending_decryption":"0", "process_success":"1", "total":"1"}}
{"logTime": "0522/092352", "correlationVector":"WWoBZeEqn+4jor4M8dxRZj.3","action":"GetUpdates Response", "result":"Success", "context":Received 1 update(s). cV=WWoBZeEqn+4jor4M8dxRZj.0;server=akswtt10400002u;cloudType=Consumer;environment=Prod_southindia_prod-s01-004-apac-southindia;migrationStage=NotStarted}
{"logTime": "0522/092352", "correlationVector":"Hwp+qVIuJU1UzLH54qyyOZ","action":"Commit Request", "result":"", "context":Item count: 3
Contributing types: Sessions, History}
{"logTime": "0522/092353", "correlationVector":"Hwp+qVIuJU1UzLH54qyyOZ.1","action":"SyncServerConnectionManagerRequest", "result":"SYNC_SERVER_OK", "context":{"environment":"Prod_southindia_prod-s01-004-apac-southindia", "migrationStage":"NotStarted", "server":"akswtt10400002p"}}
{"logTime": "0522/092353", "correlationVector":"Hwp+qVIuJU1UzLH54qyyOZ.2","action":"Commit Response", "result":"Success", "context":Result: Success. cV=Hwp+qVIuJU1UzLH54qyyOZ.0;server=akswtt10400002p;cloudType=Consumer;environment=Prod_southindia_prod-s01-004-apac-southindia;migrationStage=NotStarted}
{"logTime": "0522/092353", "correlationVector":"fMO+ID9Lcjys5NKVuMZXKo","action":"SyncServerConnectionManagerRequest", "result":"SYNC_SERVER_ERROR", "context":{"environment":"", "error_type":"http_status_code", "error_value":"400", "migrationStage":"", "server":""}}
{"logTime": "0522/092354", "correlationVector":"vxJL27kXObcmCsbwmsng71","action":"Normal GetUpdate request", "result":"", "context":cV=vxJL27kXObcmCsbwmsng71
Nudged types: Sessions, History
Refresh requested types: Encryption Keys}
{"logTime": "0522/092354", "correlationVector":"vxJL27kXObcmCsbwmsng71.1","action":"SyncServerConnectionManagerRequest", "result":"SYNC_SERVER_OK", "context":{"environment":"Prod_southindia_prod-s01-004-apac-southindia", "migrationStage":"NotStarted", "server":"akswtt10400002p"}}
{"logTime": "0522/092354", "correlationVector":"vxJL27kXObcmCsbwmsng71.2","action":"ProcessGetUpdates", "result":"Done", "context":{"dataType":"Sessions", "deleted":"0", "process_failed_to_decrypt":"0", "process_pending_decryption":"0", "process_success":"2", "total":"2"}}
{"logTime": "0522/092354", "correlationVector":"vxJL27kXObcmCsbwmsng71.3","action":"ProcessGetUpdates", "result":"Done", "context":{"dataType":"History", "deleted":"0", "process_failed_to_decrypt":"0", "process_pending_decryption":"0", "process_success":"1", "total":"1"}}
{"logTime": "0522/092354", "correlationVector":"vxJL27kXObcmCsbwmsng71.4","action":"GetUpdates Response", "result":"Success", "context":Received 3 update(s). cV=vxJL27kXObcmCsbwmsng71.0;server=akswtt10400002p;cloudType=Consumer;environment=Prod_southindia_prod-s01-004-apac-southindia;migrationStage=NotStarted}
{"logTime": "0522/092354", "correlationVector":"KdjbFL8xHUWbvF1X/nJ9Y4","action":"Commit Request", "result":"", "context":Item count: 3
Contributing types: Sessions, History}
{"logTime": "0522/092356", "correlationVector":"KdjbFL8xHUWbvF1X/nJ9Y4.1","action":"SyncServerConnectionManagerRequest", "result":"SYNC_SERVER_OK", "context":{"environment":"Prod_southindia_prod-s01-004-apac-southindia", "migrationStage":"NotStarted", "server":"akswtt10400002z"}}
{"logTime": "0522/092356", "correlationVector":"KdjbFL8xHUWbvF1X/nJ9Y4.2","action":"Commit Response", "result":"Success", "context":Result: Success. cV=KdjbFL8xHUWbvF1X/nJ9Y4.0;server=akswtt10400002z;cloudType=Consumer;environment=Prod_southindia_prod-s01-004-apac-southindia;migrationStage=NotStarted}
{"logTime": "0522/092356", "correlationVector":"MRfUA/FhVOvAHCNmvIAIAa","action":"SyncServerConnectionManagerRequest", "result":"SYNC_SERVER_ERROR", "context":{"environment":"", "error_type":"http_status_code", "error_value":"400", "migrationStage":"", "server":""}}
{"logTime": "0522/092357", "correlationVector":"7Sk6wPTUswLnCHhzpi746B","action":"Normal GetUpdate request", "result":"", "context":cV=7Sk6wPTUswLnCHhzpi746B
Nudged types: Sessions, History
Refresh requested types: Encryption Keys}
{"logTime": "0522/092358", "correlationVector":"7Sk6wPTUswLnCHhzpi746B.1","action":"SyncServerConnectionManagerRequest", "result":"SYNC_SERVER_OK", "context":{"environment":"Prod_southindia_prod-s01-004-apac-southindia", "migrationStage":"NotStarted", "server":"akswtt10400000v"}}
{"logTime": "0522/092358", "correlationVector":"7Sk6wPTUswLnCHhzpi746B.2","action":"ProcessGetUpdates", "result":"Done", "context":{"dataType":"Sessions", "deleted":"0", "process_failed_to_decrypt":"0", "process_pending_decryption":"0", "process_success":"1", "total":"1"}}
{"logTime": "0522/092358", "correlationVector":"7Sk6wPTUswLnCHhzpi746B.3","action":"ProcessGetUpdates", "result":"Done", "context":{"dataType":"History", "deleted":"0", "process_failed_to_decrypt":"0", "process_pending_decryption":"0", "process_success":"2", "total":"2"}}
{"logTime": "0522/092358", "correlationVector":"7Sk6wPTUswLnCHhzpi746B.4","action":"GetUpdates Response", "result":"Success", "context":Received 3 update(s). cV=7Sk6wPTUswLnCHhzpi746B.0;server=akswtt10400000v;cloudType=Consumer;environment=Prod_southindia_prod-s01-004-apac-southindia;migrationStage=NotStarted}
{"logTime": "0522/092358", "correlationVector":"kVgWkn+h+iFeQXztTyC2bc","action":"Commit Request", "result":"", "context":Item count: 6
Contributing types: Sessions, History}
{"logTime": "0522/092400", "correlationVector":"kVgWkn+h+iFeQXztTyC2bc.1","action":"SyncServerConnectionManagerRequest", "result":"SYNC_SERVER_OK", "context":{"environment":"Prod_southindia_prod-s01-004-apac-southindia", "migrationStage":"NotStarted", "server":"akswtt10400000n"}}
{"logTime": "0522/092400", "correlationVector":"kVgWkn+h+iFeQXztTyC2bc.2","action":"Commit Response", "result":"Success", "context":Result: Success. cV=kVgWkn+h+iFeQXztTyC2bc.0;server=akswtt10400000n;cloudType=Consumer;environment=Prod_southindia_prod-s01-004-apac-southindia;migrationStage=NotStarted}
{"logTime": "0522/092400", "correlationVector":"GPFwBNZ6GuknXwQEthdVnc","action":"SyncServerConnectionManagerRequest", "result":"SYNC_SERVER_ERROR", "context":{"environment":"", "error_type":"http_status_code", "error_value":"400", "migrationStage":"", "server":""}}
{"logTime": "0522/092408", "correlationVector":"aYZ32uQfNNmbcjhwBb4lwM","action":"Normal GetUpdate request", "result":"", "context":cV=aYZ32uQfNNmbcjhwBb4lwM
Nudged types: Sessions, History
Refresh requested types: Encryption Keys}
{"logTime": "0522/092409", "correlationVector":"aYZ32uQfNNmbcjhwBb4lwM.1","action":"SyncServerConnectionManagerRequest", "result":"SYNC_SERVER_OK", "context":{"environment":"Prod_southindia_prod-s01-004-apac-southindia", "migrationStage":"NotStarted", "server":"akswtt10400000t"}}
{"logTime": "0522/092409", "correlationVector":"aYZ32uQfNNmbcjhwBb4lwM.2","action":"ProcessGetUpdates", "result":"Done", "context":{"dataType":"Sessions", "deleted":"0", "process_failed_to_decrypt":"0", "process_pending_decryption":"0", "process_success":"1", "total":"1"}}
{"logTime": "0522/092409", "correlationVector":"aYZ32uQfNNmbcjhwBb4lwM.3","action":"ProcessGetUpdates", "result":"Done", "context":{"dataType":"History", "deleted":"0", "process_failed_to_decrypt":"0", "process_pending_decryption":"0", "process_success":"5", "total":"5"}}
{"logTime": "0522/092409", "correlationVector":"aYZ32uQfNNmbcjhwBb4lwM.4","action":"GetUpdates Response", "result":"Success", "context":Received 6 update(s). cV=aYZ32uQfNNmbcjhwBb4lwM.0;server=akswtt10400000t;cloudType=Consumer;environment=Prod_southindia_prod-s01-004-apac-southindia;migrationStage=NotStarted}
{"logTime": "0522/092410", "correlationVector":"zTEqEFTetdLPHSM+fE44H6","action":"SyncServerConnectionManagerRequest", "result":"SYNC_SERVER_ERROR", "context":{"environment":"", "error_type":"http_status_code", "error_value":"400", "migrationStage":"", "server":""}}
{"logTime": "0522/092426", "correlationVector":"KADwer3iP1ZmF9OrJvQqr0","action":"Normal GetUpdate request", "result":"", "context":cV=KADwer3iP1ZmF9OrJvQqr0
Refresh requested types: Encryption Keys}
{"logTime": "0522/092427", "correlationVector":"KADwer3iP1ZmF9OrJvQqr0.1","action":"SyncServerConnectionManagerRequest", "result":"SYNC_SERVER_OK", "context":{"environment":"Prod_southindia_prod-s01-004-apac-southindia", "migrationStage":"NotStarted", "server":"akswtt10400000t"}}
{"logTime": "0522/092427", "correlationVector":"KADwer3iP1ZmF9OrJvQqr0.2","action":"GetUpdates Response", "result":"Success", "context":Received 0 update(s). cV=KADwer3iP1ZmF9OrJvQqr0.0;server=akswtt10400000t;cloudType=Consumer;environment=Prod_southindia_prod-s01-004-apac-southindia;migrationStage=NotStarted}
{"logTime": "0522/092427", "correlationVector":"fqe09hFQPmuSz4uoVbFMpI","action":"SyncServerConnectionManagerRequest", "result":"SYNC_SERVER_OK", "context":{"environment":"", "migrationStage":"", "server":""}}
{"logTime": "0522/092427", "correlationVector":"fqe09hFQPmuSz4uoVbFMpI.0","action":"EncryptionKeysFetcher.DownloadKeys:", "result":"Success", "context":Key count: 9, Last key timestamp: 2026-05-21T11:50:30Z}
{"logTime": "0522/092427", "correlationVector":"fqe09hFQPmuSz4uoVbFMpI.1","action":"EncryptionKeysManager::SetEncryptionKeys:", "result":"Success", "context":Key names[9]:[fydPPcFQ6ZPqfIa/ghItmWrmguHSVATv1OQZHzfEacQaWk4Xbt5DonGV9etiHHXvLcT3Wnqu2CEmGxcqphdyiw==][gLTCB1guXl/3nrye5CajdlInojF5BRCZgEWeqViAw8yYFaSkijxpSzHZ43iC6r1KF+HRzZyumuEJ/fgEqOgnVA==][cFmbgCMHNIZ/8EYWHYUZwXn2BdhsIsKBu2X+HdV8haXmlq2TY0VWsR/I5QGt72e0oOeVjIwdjy4GefGrQ5Kpwg==][YAmLiZWeN8hGU4h3kyDok8hL5kLjHDKYQUAD+dFXTaeKvcXYA2oJuWVCU7SUNX8DQNJ8w3Fspx3oSCzz5coGEQ==][HTADftgssfq9vDHnXyOZOIZMPB+pPgtuuWUR11PXrYljNkZxeHuwYLa4f2QqllzhQikyHrdTrZvELC5zwbZcWg==][A8Z7/eoDljnjQ7Ifg6SwQ10zdY0PNLjN8OtxFahZbSAQtzSjoDiKSAy2z0mH7zpxhgDS8c5wNXadq36dwH+mBw==][Ync/2/j+oY+sL2QWv44nfHrkbPBYsfbrsdhB2Q9uZDKiZFl4icwEV8Ogs2lKhq7W66csz442PRZghxd86glRPA==][/RK8NdVkeL0p0bULS/nxPnvLUmmaLmkO9U/e/7P6izzP//lHAS5TO/Mp2GbcvWsfJCfyhy8fD94Nzp6a/Gw5Kg==][MSDbRflDvdxcxnGZlcYAZ9lxQa20ShFV1vPXaSnaRpgx6zGDkc4a8elEpHx45yir6t8H08s9fWfRpEij4fXwMw==]}
{"logTime": "0522/092427", "correlationVector":"fqe09hFQPmuSz4uoVbFMpI.2","action":"EncryptionKeysManager::SetEncryptionKeysWithTimestamps:", "result":"Success", "context":Key timestamps[9]:[2021-07-04T06:07:06Z][2022-01-01T10:49:59Z][2022-07-01T15:42:42Z][2022-12-29T09:13:53Z][2023-06-27T11:25:04Z][2023-12-28T00:34:31Z][2024-06-29T03:14:36Z][2024-12-28T16:06:29Z][2026-05-21T11:50:30Z]}
{"logTime": "0522/092427", "correlationVector":"xj9KgAmC9vrUXVMiVw5cSN","action":"Initial GetUpdates", "result":"", "context":Reason: NEWLY_SUPPORTED_DATATYPE. cV=xj9KgAmC9vrUXVMiVw5cSN}
{"logTime": "0522/092428", "correlationVector":"xj9KgAmC9vrUXVMiVw5cSN.1","action":"SyncServerConnectionManagerRequest", "result":"SYNC_SERVER_OK", "context":{"environment":"Prod_southeastasia_prod-s01-064-apac-southeastasia", "migrationStage":"NotStarted", "server":"akswtt00000001s"}}
{"logTime": "0522/092428", "correlationVector":"xj9KgAmC9vrUXVMiVw5cSN.2","action":"ProcessGetUpdates", "result":"Done", "context":{"dataType":"Passwords", "deleted":"0", "process_failed_to_decrypt":"0", "process_pending_decryption":"0", "process_success":"2", "total":"2"}}
{"logTime": "0522/092428", "correlationVector":"xj9KgAmC9vrUXVMiVw5cSN.3","action":"GetUpdates Response", "result":"Success", "context":Received 2 update(s). cV=xj9KgAmC9vrUXVMiVw5cSN.0;server=akswtt00000001s;cloudType=Consumer;environment=Prod_southeastasia_prod-s01-064-apac-southeastasia;migrationStage=NotStarted}
{"logTime": "0522/092428", "correlationVector":"R1UXBA5I/Wb8iFExG+F4OY","action":"Normal GetUpdate request", "result":"", "context":cV=R1UXBA5I/Wb8iFExG+F4OY
Refresh requested types: Bookmarks, Preferences, Passwords, Autofill Profiles, Autofill, Extensions, Sessions, Extension settings, History Delete Directives, Device Info, User Consents, Send Tab To Self, Web Apps, History, Saved Tab Group, WebAuthn Credentials, Collection, Edge E Drop, Edge Hub App Usage, Edge Wallet, Edge Workspace, Encryption Keys}
{"logTime": "0522/092430", "correlationVector":"R1UXBA5I/Wb8iFExG+F4OY.1","action":"SyncServerConnectionManagerRequest", "result":"SYNC_SERVER_OK", "context":{"environment":"Prod_southindia_prod-s01-004-apac-southindia", "migrationStage":"NotStarted", "server":"akswtt10400002b"}}
{"logTime": "0522/092430", "correlationVector":"R1UXBA5I/Wb8iFExG+F4OY.2","action":"GetUpdates Response", "result":"Success", "context":Received 0 update(s). cV=R1UXBA5I/Wb8iFExG+F4OY.0;server=akswtt10400002b;cloudType=Consumer;environment=Prod_southindia_prod-s01-004-apac-southindia;migrationStage=NotStarted}
{"logTime": "0522/092430", "correlationVector":"6u+W418q8jlK2U4WAtXRTp","action":"DoCompareDataConsistency: ", "result":"has local changes and skip compare"}
{"logTime": "0522/092430", "correlationVector":"VJIONDQlL6mfzH4JnwW/9k","action":"Commit Request", "result":"", "context":Item count: 2
Contributing types: Preferences, Passwords}
{"logTime": "0522/092431", "correlationVector":"VJIONDQlL6mfzH4JnwW/9k.1","action":"SyncServerConnectionManagerRequest", "result":"SYNC_SERVER_OK", "context":{"environment":"Prod_southindia_prod-s01-004-apac-southindia", "migrationStage":"NotStarted", "server":"akswtt104000006"}}
{"logTime": "0522/092431", "correlationVector":"VJIONDQlL6mfzH4JnwW/9k.2","action":"Commit Response", "result":"Success", "context":Result: Success. cV=VJIONDQlL6mfzH4JnwW/9k.0;server=akswtt104000006;cloudType=Consumer;environment=Prod_southindia_prod-s01-004-apac-southindia;migrationStage=NotStarted}
{"logTime": "0522/092439", "correlationVector":"UkLEZyNhKiM7vsAeXtP/jb","action":"Commit Request", "result":"", "context":Item count: 1
Contributing types: Preferences}
{"logTime": "0522/092440", "correlationVector":"UkLEZyNhKiM7vsAeXtP/jb.1","action":"SyncServerConnectionManagerRequest", "result":"SYNC_SERVER_OK", "context":{"environment":"Prod_southindia_prod-s01-004-apac-southindia", "migrationStage":"NotStarted", "server":"akswtt10400000k"}}
{"logTime": "0522/092440", "correlationVector":"UkLEZyNhKiM7vsAeXtP/jb.2","action":"Commit Response", "result":"Success", "context":Result: Success. cV=UkLEZyNhKiM7vsAeXtP/jb.0;server=akswtt10400000k;cloudType=Consumer;environment=Prod_southindia_prod-s01-004-apac-southindia;migrationStage=NotStarted}
{"logTime": "0522/092442", "correlationVector":"J/YgNItMNXkvre2/IW+w7v","action":"Commit Request", "result":"", "context":Item count: 1
Contributing types: Preferences}
{"logTime": "0522/092443", "correlationVector":"J/YgNItMNXkvre2/IW+w7v.1","action":"SyncServerConnectionManagerRequest", "result":"SYNC_SERVER_OK", "context":{"environment":"Prod_southindia_prod-s01-004-apac-southindia", "migrationStage":"NotStarted", "server":"akswtt104000027"}}
{"logTime": "0522/092443", "correlationVector":"J/YgNItMNXkvre2/IW+w7v.3","action":"Commit.Preferences", "result":"Success", "context":{"id":"12aaaded-430a-403f-bc7a-50f833384f4c", "isDeleted":"true", "size":"0", "version":"1779441880160"}}
{"logTime": "0522/092443", "correlationVector":"J/YgNItMNXkvre2/IW+w7v.2","action":"Commit Response", "result":"Success", "context":Result: Success. cV=J/YgNItMNXkvre2/IW+w7v.0;server=akswtt104000027;cloudType=Consumer;environment=Prod_southindia_prod-s01-004-apac-southindia;migrationStage=NotStarted}
